Mplus VERSION 8.7 (Mac)
MUTHEN & MUTHEN
07/17/2023   9:50 AM

INPUT INSTRUCTIONS


  TITLE:
  	Y1_EDI
  	;
  	
  DATA:
  	FILE =
  		myDB_230701.csv
  	;

  VARIABLE:
  	NAMES =
  		X_COVD
  		Y1_EDI Y2_ANX Y3_DEP
  		M1_FAM M2_PER
  		C1_SEX C2_AGE
  		;
  	USEVARIABLES =
    		X_COVD
  		Y1_EDI Y2_ANX Y3_DEP
    		M1_FAM M2_PER
  		!C1_SEX C2_AGE
    		;
  	MISSING =	
  		.
  		;
    		    		
  ANALYSIS:
  	TYPE = GENERAL;
  	ESTIMATOR = ML;
  	BOOTSTRAP = 10000;

  OUTPUT:
  	SAMPSTAT STDYX CINT(bcbootstrap)
  	;
  	
  MODEL:
  ! Y ON X + Mediators + Covariates
  	Y1_EDI Y2_ANX Y3_DEP ON
  		X_COVD
  		M1_FAM M2_PER
  		!C1_SEX C2_AGE
  		;
  ! Mediators ON X + Covariates
  	M1_FAM M2_PER ON
  		X_COVD
  		!C1_SEX C2_AGE
  		;
  ! COVARIANCES
  	!X_COVD WITH C1_SEX;
  	!X_COVD WITH C2_AGE;
  	!C1_SEX WITH C2_AGE;
  	M2_PER WITH M1_FAM;
  	Y1_EDI-Y3_DEP WITH Y1_EDI-Y3_DEP*;
  	
  MODEL INDIRECT:
  	Y1_EDI IND X_COVD;
  	Y2_ANX IND X_COVD;
  	Y3_DEP IND X_COVD;

  !or just with
  !MODEL INDIRECT:
  	!Y IND X;



INPUT READING TERMINATED NORMALLY




Y1_EDI
;

SUMMARY OF ANALYSIS

Number of groups                                                 1
Number of observations                                         159

Number of dependent variables                                    5
Number of independent variables                                  1
Number of continuous latent variables                            0

Observed dependent variables

  Continuous
   Y1_EDI      Y2_ANX      Y3_DEP      M1_FAM      M2_PER

Observed independent variables
   X_COVD


Estimator                                                       ML
Information matrix                                        OBSERVED
Maximum number of iterations                                  1000
Convergence criterion                                    0.500D-04
Maximum number of steepest descent iterations                   20
Maximum number of iterations for H1                           2000
Convergence criterion for H1                             0.100D-03
Number of bootstrap draws
    Requested                                                10000
    Completed                                                10000

Input data file(s)
  myDB_230701.csv

Input data format  FREE


SUMMARY OF DATA

     Number of missing data patterns             2


COVARIANCE COVERAGE OF DATA

Minimum covariance coverage value   0.100


     PROPORTION OF DATA PRESENT


           Covariance Coverage
              Y1_EDI        Y2_ANX        Y3_DEP        M1_FAM        M2_PER
              ________      ________      ________      ________      ________
 Y1_EDI         1.000
 Y2_ANX         1.000         1.000
 Y3_DEP         1.000         1.000         1.000
 M1_FAM         1.000         1.000         1.000         1.000
 M2_PER         0.774         0.774         0.774         0.774         0.774
 X_COVD         1.000         1.000         1.000         1.000         0.774


           Covariance Coverage
              X_COVD
              ________
 X_COVD         1.000


SAMPLE STATISTICS


     ESTIMATED SAMPLE STATISTICS


           Means
              Y1_EDI        Y2_ANX        Y3_DEP        M1_FAM        M2_PER
              ________      ________      ________      ________      ________
               64.885        58.701        61.549        43.706        31.088


           Means
              X_COVD
              ________
                0.000


           Covariances
              Y1_EDI        Y2_ANX        Y3_DEP        M1_FAM        M2_PER
              ________      ________      ________      ________      ________
 Y1_EDI       123.460
 Y2_ANX        44.174       116.443
 Y3_DEP        45.836        63.306        87.348
 M1_FAM       -50.108       -27.984       -40.121        96.836
 M2_PER       -28.989       -21.389       -25.448        29.971        58.013
 X_COVD        11.066         5.781         8.733        -7.208        -9.690


           Covariances
              X_COVD
              ________
 X_COVD        11.680


           Correlations
              Y1_EDI        Y2_ANX        Y3_DEP        M1_FAM        M2_PER
              ________      ________      ________      ________      ________
 Y1_EDI         1.000
 Y2_ANX         0.368         1.000
 Y3_DEP         0.441         0.628         1.000
 M1_FAM        -0.458        -0.264        -0.436         1.000
 M2_PER        -0.343        -0.260        -0.357         0.400         1.000
 X_COVD         0.291         0.157         0.273        -0.214        -0.372


           Correlations
              X_COVD
              ________
 X_COVD         1.000


     MAXIMUM LOG-LIKELIHOOD VALUE FOR THE UNRESTRICTED (H1) MODEL IS -3113.558


UNIVARIATE SAMPLE STATISTICS


     UNIVARIATE HIGHER-ORDER MOMENT DESCRIPTIVE STATISTICS

         Variable/         Mean/     Skewness/   Minimum/ % with                Percentiles
        Sample Size      Variance    Kurtosis    Maximum  Min/Max      20%/60%    40%/80%    Median

     Y1_EDI               64.885      -0.252      39.300    3.77%      55.700     62.500     66.300
             159.000     123.460      -0.310      88.500    1.89%      68.800     74.000
     Y2_ANX               58.701      -0.138      34.600    4.40%      50.100     56.600     59.200
             159.000     116.443      -0.073      84.800    0.63%      61.400     66.700
     Y3_DEP               61.549      -0.086      36.200    2.52%      54.200     60.000     62.000
             159.000      87.348       0.662      84.700    2.52%      63.400     68.700
     M1_FAM               43.706       0.231      23.100    0.63%      35.200     40.700     43.000
             159.000      96.836      -0.400      63.100    8.81%      46.100     50.900
     M2_PER               31.341       0.089      15.900    3.25%      24.800     28.400     30.900
             123.000      56.830      -0.720      44.900    0.81%      33.400     37.600
     X_COVD                0.000       0.159      -7.893    0.63%      -2.893     -0.893      0.107
             159.000      11.680      -0.265       8.107    2.52%       1.107      2.107


THE MODEL ESTIMATION TERMINATED NORMALLY



MODEL FIT INFORMATION

Number of Free Parameters                       25

Loglikelihood

          H0 Value                       -2692.543
          H1 Value                       -2692.543

Information Criteria

          Akaike (AIC)                    5435.085
          Bayesian (BIC)                  5511.808
          Sample-Size Adjusted BIC        5432.669
            (n* = (n + 2) / 24)

Chi-Square Test of Model Fit

          Value                              0.000
          Degrees of Freedom                     0
          P-Value                           0.0000

RMSEA (Root Mean Square Error Of Approximation)

          Estimate                           0.000
          90 Percent C.I.                    0.000  0.000
          Probability RMSEA <= .05           0.000

CFI/TLI

          CFI                                1.000
          TLI                                1.000

Chi-Square Test of Model Fit for the Baseline Model

          Value                            225.773
          Degrees of Freedom                    15
          P-Value                           0.0000

SRMR (Standardized Root Mean Square Residual)

          Value                              0.000



MODEL RESULTS

                                                    Two-Tailed
                    Estimate       S.E.  Est./S.E.    P-Value

 Y1_EDI   ON
    X_COVD             0.527      0.276      1.912      0.056
    M1_FAM            -0.418      0.086     -4.874      0.000
    M2_PER            -0.196      0.158     -1.240      0.215

 Y2_ANX   ON
    X_COVD             0.175      0.261      0.670      0.503
    M1_FAM            -0.203      0.103     -1.966      0.049
    M2_PER            -0.234      0.132     -1.774      0.076

 Y3_DEP   ON
    X_COVD             0.375      0.237      1.583      0.113
    M1_FAM            -0.321      0.089     -3.625      0.000
    M2_PER            -0.210      0.124     -1.694      0.090

 M1_FAM   ON
    X_COVD            -0.617      0.230     -2.687      0.007

 M2_PER   ON
    X_COVD            -0.830      0.189     -4.393      0.000

 M2_PER   WITH
    M1_FAM            23.991      5.598      4.286      0.000

 Y1_EDI   WITH
    Y2_ANX            25.251      8.079      3.126      0.002
    Y3_DEP            19.493      7.310      2.667      0.008

 Y2_ANX   WITH
    Y3_DEP            47.652      9.075      5.251      0.000

 Intercepts
    Y1_EDI            89.226      4.851     18.394      0.000
    Y2_ANX            74.879      4.539     16.497      0.000
    Y3_DEP            82.124      3.988     20.594      0.000
    M1_FAM            43.706      0.761     57.436      0.000
    M2_PER            31.088      0.637     48.771      0.000

 Residual Variances
    Y1_EDI            91.023     10.890      8.358      0.000
    Y2_ANX           104.726     12.345      8.483      0.000
    Y3_DEP            65.834      9.764      6.742      0.000
    M1_FAM            92.388      9.282      9.954      0.000
    M2_PER            49.973      5.649      8.847      0.000


STANDARDIZED MODEL RESULTS


STDYX Standardization

                                                    Two-Tailed
                    Estimate       S.E.  Est./S.E.    P-Value

 Y1_EDI   ON
    X_COVD             0.162      0.081      2.004      0.045
    M1_FAM            -0.370      0.073     -5.087      0.000
    M2_PER            -0.134      0.109     -1.236      0.216

 Y2_ANX   ON
    X_COVD             0.055      0.082      0.672      0.502
    M1_FAM            -0.186      0.092     -2.012      0.044
    M2_PER            -0.165      0.092     -1.807      0.071

 Y3_DEP   ON
    X_COVD             0.137      0.085      1.614      0.107
    M1_FAM            -0.338      0.087     -3.890      0.000
    M2_PER            -0.171      0.100     -1.708      0.088

 M1_FAM   ON
    X_COVD            -0.214      0.078     -2.754      0.006

 M2_PER   ON
    X_COVD            -0.372      0.081     -4.605      0.000

 M2_PER   WITH
    M1_FAM             0.353      0.071      4.949      0.000

 Y1_EDI   WITH
    Y2_ANX             0.259      0.075      3.427      0.001
    Y3_DEP             0.252      0.082      3.071      0.002

 Y2_ANX   WITH
    Y3_DEP             0.574      0.061      9.428      0.000

 Intercepts
    Y1_EDI             8.030      0.544     14.754      0.000
    Y2_ANX             6.939      0.488     14.209      0.000
    Y3_DEP             8.787      0.572     15.373      0.000
    M1_FAM             4.441      0.226     19.660      0.000
    M2_PER             4.082      0.227     17.985      0.000

 Residual Variances
    Y1_EDI             0.737      0.065     11.293      0.000
    Y2_ANX             0.899      0.046     19.580      0.000
    Y3_DEP             0.754      0.069     10.989      0.000
    M1_FAM             0.954      0.034     28.086      0.000
    M2_PER             0.861      0.059     14.583      0.000


R-SQUARE

    Observed                                        Two-Tailed
    Variable        Estimate       S.E.  Est./S.E.    P-Value

    Y1_EDI             0.263      0.065      4.024      0.000
    Y2_ANX             0.101      0.046      2.191      0.028
    Y3_DEP             0.246      0.069      3.591      0.000
    M1_FAM             0.046      0.034      1.352      0.176
    M2_PER             0.139      0.059      2.346      0.019


TOTAL, TOTAL INDIRECT, SPECIFIC INDIRECT, AND DIRECT EFFECTS


                                                    Two-Tailed
                    Estimate       S.E.  Est./S.E.    P-Value

Effects from X_COVD to Y1_EDI

  Total                0.947      0.263      3.601      0.000
  Total indirect       0.420      0.163      2.578      0.010

  Specific indirect 1
    Y1_EDI
    M1_FAM
    X_COVD             0.258      0.116      2.216      0.027

  Specific indirect 2
    Y1_EDI
    M2_PER
    X_COVD             0.163      0.140      1.165      0.244

  Direct
    Y1_EDI
    X_COVD             0.527      0.276      1.912      0.056


Effects from X_COVD to Y2_ANX

  Total                0.495      0.243      2.038      0.042
  Total indirect       0.320      0.132      2.431      0.015

  Specific indirect 1
    Y2_ANX
    M1_FAM
    X_COVD             0.126      0.085      1.472      0.141

  Specific indirect 2
    Y2_ANX
    M2_PER
    X_COVD             0.194      0.125      1.553      0.120

  Direct
    Y2_ANX
    X_COVD             0.175      0.261      0.670      0.503


Effects from X_COVD to Y3_DEP

  Total                0.748      0.244      3.059      0.002
  Total indirect       0.373      0.140      2.654      0.008

  Specific indirect 1
    Y3_DEP
    M1_FAM
    X_COVD             0.198      0.098      2.021      0.043

  Specific indirect 2
    Y3_DEP
    M2_PER
    X_COVD             0.174      0.120      1.453      0.146

  Direct
    Y3_DEP
    X_COVD             0.375      0.237      1.583      0.113



STANDARDIZED TOTAL, TOTAL INDIRECT, SPECIFIC INDIRECT, AND DIRECT EFFECTS


STDYX Standardization

                                                    Two-Tailed
                    Estimate       S.E.  Est./S.E.    P-Value

Effects from X_COVD to Y1_EDI

  Total                0.291      0.074      3.964      0.000
  Total indirect       0.129      0.050      2.587      0.010

  Specific indirect 1
    Y1_EDI
    M1_FAM
    X_COVD             0.079      0.035      2.283      0.022

  Specific indirect 2
    Y1_EDI
    M2_PER
    X_COVD             0.050      0.043      1.156      0.248

  Direct
    Y1_EDI
    X_COVD             0.162      0.081      2.004      0.045


Effects from X_COVD to Y2_ANX

  Total                0.157      0.077      2.045      0.041
  Total indirect       0.101      0.041      2.471      0.013

  Specific indirect 1
    Y2_ANX
    M1_FAM
    X_COVD             0.040      0.027      1.475      0.140

  Specific indirect 2
    Y2_ANX
    M2_PER
    X_COVD             0.062      0.039      1.572      0.116

  Direct
    Y2_ANX
    X_COVD             0.055      0.082      0.672      0.502


Effects from X_COVD to Y3_DEP

  Total                0.273      0.085      3.219      0.001
  Total indirect       0.136      0.050      2.746      0.006

  Specific indirect 1
    Y3_DEP
    M1_FAM
    X_COVD             0.073      0.035      2.063      0.039

  Specific indirect 2
    Y3_DEP
    M2_PER
    X_COVD             0.064      0.043      1.479      0.139

  Direct
    Y3_DEP
    X_COVD             0.137      0.085      1.614      0.107




CONFIDENCE INTERVALS OF MODEL RESULTS

                  Lower .5%  Lower 2.5%    Lower 5%    Estimate    Upper 5%  Upper 2.5%   Upper .5%

 Y1_EDI   ON
    X_COVD          -0.165       0.001       0.078       0.527       0.988       1.085       1.274
    M1_FAM          -0.635      -0.582      -0.556      -0.418      -0.272      -0.245      -0.196
    M2_PER          -0.586      -0.498      -0.450      -0.196       0.071       0.119       0.219

 Y2_ANX   ON
    X_COVD          -0.532      -0.365      -0.275       0.175       0.585       0.665       0.826
    M1_FAM          -0.473      -0.410      -0.375      -0.203      -0.033      -0.003       0.053
    M2_PER          -0.578      -0.492      -0.446      -0.234      -0.012       0.029       0.119

 Y3_DEP   ON
    X_COVD          -0.230      -0.085      -0.004       0.375       0.772       0.841       0.974
    M1_FAM          -0.562      -0.503      -0.476      -0.321      -0.183      -0.156      -0.106
    M2_PER          -0.515      -0.437      -0.402      -0.210       0.006       0.048       0.124

 M1_FAM   ON
    X_COVD          -1.208      -1.075      -0.999      -0.617      -0.237      -0.168      -0.037

 M2_PER   ON
    X_COVD          -1.303      -1.180      -1.127      -0.830      -0.505      -0.443      -0.318

 M2_PER   WITH
    M1_FAM          10.368      13.675      15.279      23.991      33.759      35.936      39.214

 Y1_EDI   WITH
    Y2_ANX           6.745      11.048      13.287      25.251      40.154      43.144      47.406
    Y3_DEP           3.650       7.349       9.436      19.493      34.072      36.454      42.070

 Y2_ANX   WITH
    Y3_DEP          28.237      32.806      35.236      47.652      65.720      68.976      76.238

 Intercepts
    Y1_EDI          75.967      79.264      81.005      89.226      96.891      98.334     101.130
    Y2_ANX          63.235      65.814      67.170      74.879      82.194      83.658      86.311
    Y3_DEP          71.721      74.142      75.404      82.124      88.576      89.844      92.431
    M1_FAM          41.685      42.207      42.441      43.706      44.943      45.209      45.675
    M2_PER          29.551      29.876      30.072      31.088      32.147      32.369      32.845

 Residual Variances
    Y1_EDI          66.891      73.214      76.525      91.023     113.506     117.476     124.949
    Y2_ANX          77.394      84.345      87.767     104.726     129.406     134.877     142.792
    Y3_DEP          45.830      50.367      53.074      65.834      86.705      90.769      97.985
    M1_FAM          71.257      75.927      78.802      92.388     109.638     112.704     119.557
    M2_PER          36.587      39.890      41.512      49.973      60.184      62.073      66.299


CONFIDENCE INTERVALS OF STANDARDIZED MODEL RESULTS


STDYX Standardization

                  Lower .5%  Lower 2.5%    Lower 5%    Estimate    Upper 5%  Upper 2.5%   Upper .5%

 Y1_EDI   ON
    X_COVD          -0.052       0.000       0.024       0.162       0.291       0.318       0.370
    M1_FAM          -0.542      -0.502      -0.482      -0.370      -0.242      -0.216      -0.171
    M2_PER          -0.402      -0.342      -0.309      -0.134       0.049       0.082       0.151

 Y2_ANX   ON
    X_COVD          -0.166      -0.113      -0.086       0.055       0.187       0.212       0.259
    M1_FAM          -0.420      -0.362      -0.334      -0.186      -0.030      -0.002       0.051
    M2_PER          -0.392      -0.340      -0.310      -0.165      -0.009       0.020       0.083

 Y3_DEP   ON
    X_COVD          -0.088      -0.034      -0.003       0.137       0.274       0.299       0.341
    M1_FAM          -0.557      -0.506      -0.480      -0.338      -0.195      -0.166      -0.112
    M2_PER          -0.405      -0.354      -0.322      -0.171       0.008       0.041       0.100

 M1_FAM   ON
    X_COVD          -0.407      -0.360      -0.339      -0.214      -0.081      -0.057      -0.011

 M2_PER   ON
    X_COVD          -0.553      -0.516      -0.494      -0.372      -0.226      -0.202      -0.142

 M2_PER   WITH
    M1_FAM           0.156       0.204       0.229       0.353       0.466       0.484       0.519

 Y1_EDI   WITH
    Y2_ANX           0.055       0.106       0.131       0.259       0.378       0.402       0.437
    Y3_DEP           0.036       0.085       0.116       0.252       0.385       0.407       0.446

 Y2_ANX   WITH
    Y3_DEP           0.386       0.443       0.465       0.574       0.664       0.680       0.711

 Intercepts
    Y1_EDI           6.561       6.899       7.073       8.030       8.869       9.051       9.373
    Y2_ANX           5.727       5.981       6.107       6.939       7.700       7.857       8.190
    Y3_DEP           7.345       7.645       7.815       8.787       9.679       9.866      10.249
    M1_FAM           3.920       4.027       4.090       4.441       4.812       4.902       5.072
    M2_PER           3.540       3.658       3.727       4.082       4.455       4.553       4.714

 Residual Variances
    Y1_EDI           0.573       0.618       0.641       0.737       0.850       0.867       0.893
    Y2_ANX           0.784       0.818       0.835       0.899       0.968       0.975       0.987
    Y3_DEP           0.589       0.632       0.657       0.754       0.873       0.888       0.921
    M1_FAM           0.834       0.870       0.885       0.954       0.993       0.997       1.000
    M2_PER           0.694       0.734       0.756       0.861       0.949       0.959       0.980


CONFIDENCE INTERVALS OF TOTAL, TOTAL INDIRECT, SPECIFIC INDIRECT, AND DIRECT EFFECTS


                  Lower .5%  Lower 2.5%    Lower 5%    Estimate    Upper 5%  Upper 2.5%   Upper .5%

Effects from X_COVD to Y1_EDI

  Total              0.297       0.446       0.525       0.947       1.391       1.476       1.631
  Total indirect     0.036       0.132       0.180       0.420       0.715       0.773       0.912

  Specific indirect 1
    Y1_EDI
    M1_FAM
    X_COVD           0.018       0.069       0.094       0.258       0.478       0.530       0.618

  Specific indirect 2
    Y1_EDI
    M2_PER
    X_COVD          -0.176      -0.080      -0.038       0.163       0.424       0.483       0.595

  Direct
    Y1_EDI
    X_COVD          -0.165       0.001       0.078       0.527       0.988       1.085       1.274


Effects from X_COVD to Y2_ANX

  Total             -0.161      -0.013       0.073       0.495       0.874       0.950       1.095
  Total indirect     0.048       0.104       0.135       0.320       0.568       0.625       0.728

  Specific indirect 1
    Y2_ANX
    M1_FAM
    X_COVD          -0.020       0.010       0.023       0.126       0.312       0.355       0.452

  Specific indirect 2
    Y2_ANX
    M2_PER
    X_COVD          -0.076      -0.006       0.023       0.194       0.438       0.485       0.608

  Direct
    Y2_ANX
    X_COVD          -0.532      -0.365      -0.275       0.175       0.585       0.665       0.826


Effects from X_COVD to Y3_DEP

  Total              0.114       0.264       0.331       0.748       1.136       1.212       1.350
  Total indirect     0.059       0.128       0.164       0.373       0.620       0.680       0.780

  Specific indirect 1
    Y3_DEP
    M1_FAM
    X_COVD           0.016       0.052       0.070       0.198       0.398       0.441       0.545

  Specific indirect 2
    Y3_DEP
    M2_PER
    X_COVD          -0.078      -0.021       0.010       0.174       0.403       0.451       0.551

  Direct
    Y3_DEP
    X_COVD          -0.230      -0.085      -0.004       0.375       0.772       0.841       0.974



CONFIDENCE INTERVALS OF STANDARDIZED TOTAL, TOTAL INDIRECT, SPECIFIC INDIRECT, AND DIRECT EFFECTS


STDYX Standardization

                  Lower .5%  Lower 2.5%    Lower 5%    Estimate    Upper 5%  Upper 2.5%   Upper .5%

Effects from X_COVD to Y1_EDI

  Total              0.093       0.140       0.163       0.291       0.408       0.428       0.466
  Total indirect     0.010       0.040       0.054       0.129       0.219       0.236       0.275

  Specific indirect 1
    Y1_EDI
    M1_FAM
    X_COVD           0.005       0.022       0.029       0.079       0.145       0.158       0.187

  Specific indirect 2
    Y1_EDI
    M2_PER
    X_COVD          -0.054      -0.024      -0.012       0.050       0.131       0.150       0.183

  Direct
    Y1_EDI
    X_COVD          -0.052       0.000       0.024       0.162       0.291       0.318       0.370


Effects from X_COVD to Y2_ANX

  Total             -0.049      -0.004       0.023       0.157       0.278       0.299       0.339
  Total indirect     0.015       0.033       0.043       0.101       0.178       0.195       0.228

  Specific indirect 1
    Y2_ANX
    M1_FAM
    X_COVD          -0.006       0.003       0.007       0.040       0.098       0.112       0.140

  Specific indirect 2
    Y2_ANX
    M2_PER
    X_COVD          -0.023      -0.001       0.008       0.062       0.137       0.153       0.187

  Direct
    Y2_ANX
    X_COVD          -0.166      -0.113      -0.086       0.055       0.187       0.212       0.259


Effects from X_COVD to Y3_DEP

  Total              0.042       0.096       0.121       0.273       0.404       0.425       0.467
  Total indirect     0.019       0.046       0.060       0.136       0.223       0.239       0.276

  Specific indirect 1
    Y3_DEP
    M1_FAM
    X_COVD           0.005       0.018       0.025       0.073       0.142       0.158       0.188

  Specific indirect 2
    Y3_DEP
    M2_PER
    X_COVD          -0.030      -0.009       0.002       0.064       0.143       0.159       0.190

  Direct
    Y3_DEP
    X_COVD          -0.088      -0.034      -0.003       0.137       0.274       0.299       0.341




     Beginning Time:  09:50:55
        Ending Time:  09:51:02
       Elapsed Time:  00:00:07



MUTHEN & MUTHEN
3463 Stoner Ave.
Los Angeles, CA  90066

Tel: (310) 391-9971
Fax: (310) 391-8971
Web: www.StatModel.com
Support: Support@StatModel.com

Copyright (c) 1998-2021 Muthen & Muthen
