Mplus VERSION 8.10 (Mac)
MUTHEN & MUTHEN
07/19/2023   1:05 PM

INPUT INSTRUCTIONS


  TITLE:
  	Y1_EDI
  	;
  	
  DATA:
  	FILE =
  		myDB_230701.csv
  	;

  VARIABLE:
  	NAMES =
  		X_COVD
  		Y1_EDI Y2_ANX Y3_DEP
  		M1_FAM M2_PER
  		C1_SEX C2_AGE
  		;
  	USEVARIABLES =
    		X_COVD
  		Y1_EDI Y2_ANX Y3_DEP
    		M1_FAM M2_PER
  		C1_SEX C2_AGE
    		;
  	MISSING =	
  		.
  		;
    		    		
  ANALYSIS:
  	TYPE = GENERAL;
  	ESTIMATOR = ML;
  	BOOTSTRAP = 10000;

  OUTPUT:
  	SAMPSTAT STDYX CINT(bcbootstrap)
  	;
  	
  MODEL:
  ! Y ON X + Mediators + Covariates
  	Y1_EDI Y2_ANX Y3_DEP ON
  		X_COVD
  		M1_FAM M2_PER
  		C1_SEX C2_AGE
  		;
  ! Mediators ON X + Covariates
  	M1_FAM M2_PER ON
  		X_COVD
  		C1_SEX C2_AGE
  		;
  ! COVARIANCES
  	X_COVD WITH C1_SEX;
  	X_COVD WITH C2_AGE;
  	C1_SEX WITH C2_AGE;
  	M2_PER WITH M1_FAM;
  	Y1_EDI-Y3_DEP WITH Y1_EDI-Y3_DEP*;
  	
  MODEL INDIRECT:
  	Y1_EDI IND M1_FAM X_COVD;
  	Y1_EDI IND M2_PER X_COVD;

  	Y2_ANX IND M1_FAM X_COVD;
  	Y2_ANX IND M2_PER X_COVD;

  	Y3_DEP IND M1_FAM X_COVD;
  	Y3_DEP IND M2_PER X_COVD;

  !or just with
  !MODEL INDIRECT:
  	!Y IND X;



INPUT READING TERMINATED NORMALLY




Y1_EDI
;

SUMMARY OF ANALYSIS

Number of groups                                                 1
Number of observations                                         159

Number of dependent variables                                    5
Number of independent variables                                  3
Number of continuous latent variables                            0

Observed dependent variables

  Continuous
   Y1_EDI      Y2_ANX      Y3_DEP      M1_FAM      M2_PER

Observed independent variables
   X_COVD      C1_SEX      C2_AGE


Estimator                                                       ML
Information matrix                                        OBSERVED
Maximum number of iterations                                  1000
Convergence criterion                                    0.500D-04
Maximum number of steepest descent iterations                   20
Maximum number of iterations for H1                           2000
Convergence criterion for H1                             0.100D-03
Number of bootstrap draws
    Requested                                                10000
    Completed                                                10000

Input data file(s)
  myDB_230701.csv

Input data format  FREE


SUMMARY OF DATA

     Number of missing data patterns             2


COVARIANCE COVERAGE OF DATA

Minimum covariance coverage value   0.100


     PROPORTION OF DATA PRESENT


           Covariance Coverage
              Y1_EDI        Y2_ANX        Y3_DEP        M1_FAM        M2_PER
              ________      ________      ________      ________      ________
 Y1_EDI         1.000
 Y2_ANX         1.000         1.000
 Y3_DEP         1.000         1.000         1.000
 M1_FAM         1.000         1.000         1.000         1.000
 M2_PER         0.774         0.774         0.774         0.774         0.774
 X_COVD         1.000         1.000         1.000         1.000         0.774
 C1_SEX         1.000         1.000         1.000         1.000         0.774
 C2_AGE         1.000         1.000         1.000         1.000         0.774


           Covariance Coverage
              X_COVD        C1_SEX        C2_AGE
              ________      ________      ________
 X_COVD         1.000
 C1_SEX         1.000         1.000
 C2_AGE         1.000         1.000         1.000


SAMPLE STATISTICS


     ESTIMATED SAMPLE STATISTICS


           Means
              Y1_EDI        Y2_ANX        Y3_DEP        M1_FAM        M2_PER
              ________      ________      ________      ________      ________
               64.885        58.701        61.549        43.706        31.064


           Means
              X_COVD        C1_SEX        C2_AGE
              ________      ________      ________
                0.000         1.522        11.964


           Covariances
              Y1_EDI        Y2_ANX        Y3_DEP        M1_FAM        M2_PER
              ________      ________      ________      ________      ________
 Y1_EDI       123.460
 Y2_ANX        44.174       116.443
 Y3_DEP        45.836        63.306        87.348
 M1_FAM       -50.108       -27.984       -40.121        96.836
 M2_PER       -30.746       -22.205       -26.492        29.948        59.052
 X_COVD        11.066         5.781         8.733        -7.208       -10.077
 C1_SEX         0.815        -0.456         0.028        -0.463         0.357
 C2_AGE         0.954         5.162        10.000        -9.363        -5.997


           Covariances
              X_COVD        C1_SEX        C2_AGE
              ________      ________      ________
 X_COVD        11.680
 C1_SEX         0.081         0.250
 C2_AGE         1.846        -0.202        11.260


           Correlations
              Y1_EDI        Y2_ANX        Y3_DEP        M1_FAM        M2_PER
              ________      ________      ________      ________      ________
 Y1_EDI         1.000
 Y2_ANX         0.368         1.000
 Y3_DEP         0.441         0.628         1.000
 M1_FAM        -0.458        -0.264        -0.436         1.000
 M2_PER        -0.360        -0.268        -0.369         0.396         1.000
 X_COVD         0.291         0.157         0.273        -0.214        -0.384
 C1_SEX         0.147        -0.085         0.006        -0.094         0.093
 C2_AGE         0.026         0.143         0.319        -0.284        -0.233


           Correlations
              X_COVD        C1_SEX        C2_AGE
              ________      ________      ________
 X_COVD         1.000
 C1_SEX         0.047         1.000
 C2_AGE         0.161        -0.121         1.000


     MAXIMUM LOG-LIKELIHOOD VALUE FOR THE UNRESTRICTED (H1) MODEL IS -3624.387


UNIVARIATE SAMPLE STATISTICS


     UNIVARIATE HIGHER-ORDER MOMENT DESCRIPTIVE STATISTICS

         Variable/         Mean/     Skewness/   Minimum/ % with                Percentiles
        Sample Size      Variance    Kurtosis    Maximum  Min/Max      20%/60%    40%/80%    Median

     Y1_EDI               64.885      -0.252      39.300    3.77%      55.700     62.500     66.300
             159.000     123.460      -0.310      88.500    1.89%      68.800     74.000
     Y2_ANX               58.701      -0.138      34.600    4.40%      50.100     56.600     59.200
             159.000     116.443      -0.073      84.800    0.63%      61.400     66.700
     Y3_DEP               61.549      -0.086      36.200    2.52%      54.200     60.000     62.000
             159.000      87.348       0.662      84.700    2.52%      63.400     68.700
     M1_FAM               43.706       0.231      23.100    0.63%      35.200     40.700     43.000
             159.000      96.836      -0.400      63.100    8.81%      46.100     50.900
     M2_PER               31.341       0.089      15.900    3.25%      24.800     28.400     30.900
             123.000      56.830      -0.720      44.900    0.81%      33.400     37.600
     X_COVD                0.000       0.159      -7.893    0.63%      -2.893     -0.893      0.107
             159.000      11.680      -0.265       8.107    2.52%       1.107      2.107
     C1_SEX                1.522      -0.088       1.000   47.80%       1.000      1.000      2.000
             159.000       0.250      -1.992       2.000   52.20%       2.000      2.000
     C2_AGE               11.964      -0.048       5.100    0.63%       8.600     11.000     11.800
             159.000      11.260      -1.026      17.600    1.26%      12.900     15.500


THE MODEL ESTIMATION TERMINATED NORMALLY

     THE STANDARD ERRORS OF THE MODEL PARAMETER ESTIMATES MAY NOT BE
     TRUSTWORTHY FOR SOME PARAMETERS DUE TO A NON-POSITIVE DEFINITE
     FIRST-ORDER DERIVATIVE PRODUCT MATRIX.  THIS MAY BE DUE TO THE STARTING
     VALUES BUT MAY ALSO BE AN INDICATION OF MODEL NONIDENTIFICATION.  THE
     CONDITION NUMBER IS      -0.561D-18.  PROBLEM INVOLVING THE FOLLOWING PARAMETER:
     Parameter 44, C2_AGE




MODEL FIT INFORMATION

Number of Free Parameters                       44

Loglikelihood

          H0 Value                       -3624.387
          H1 Value                       -3624.387

Information Criteria

          Akaike (AIC)                    7336.774
          Bayesian (BIC)                  7471.806
          Sample-Size Adjusted BIC        7332.521
            (n* = (n + 2) / 24)

Chi-Square Test of Model Fit

          Value                              0.000
          Degrees of Freedom                     0
          P-Value                           0.0000

RMSEA (Root Mean Square Error Of Approximation)

          Estimate                           0.000
          90 Percent C.I.                    0.000  0.000
          Probability RMSEA <= .05           0.000

CFI/TLI

          CFI                                1.000
          TLI                                1.000

Chi-Square Test of Model Fit for the Baseline Model

          Value                            263.558
          Degrees of Freedom                    25
          P-Value                           0.0000

SRMR (Standardized Root Mean Square Residual)

          Value                              0.000



MODEL RESULTS

                                                    Two-Tailed
                    Estimate       S.E.  Est./S.E.    P-Value

 Y1_EDI   ON
    X_COVD             0.499      0.267      1.865      0.062
    M1_FAM            -0.427      0.096     -4.446      0.000
    M2_PER            -0.280      0.157     -1.784      0.075
    C1_SEX             2.340      1.501      1.559      0.119
    C2_AGE            -0.459      0.266     -1.725      0.085

 Y2_ANX   ON
    X_COVD             0.174      0.265      0.656      0.512
    M1_FAM            -0.207      0.104     -1.997      0.046
    M2_PER            -0.219      0.136     -1.608      0.108
    C1_SEX            -1.867      1.720     -1.085      0.278
    C2_AGE             0.108      0.289      0.373      0.709

 Y3_DEP   ON
    X_COVD             0.320      0.228      1.405      0.160
    M1_FAM            -0.278      0.091     -3.051      0.002
    M2_PER            -0.203      0.126     -1.617      0.106
    C1_SEX             0.188      1.343      0.140      0.888
    C2_AGE             0.499      0.245      2.036      0.042

 M1_FAM   ON
    X_COVD            -0.475      0.222     -2.136      0.033
    C1_SEX            -2.346      1.469     -1.597      0.110
    C2_AGE            -0.796      0.240     -3.310      0.001

 M2_PER   ON
    X_COVD            -0.813      0.182     -4.474      0.000
    C1_SEX             1.391      1.264      1.101      0.271
    C2_AGE            -0.374      0.191     -1.964      0.050

 X_COVD   WITH
    C1_SEX             0.081      0.135      0.599      0.549
    C2_AGE             1.846      1.003      1.840      0.066

 C1_SEX   WITH
    C2_AGE            -0.202      0.131     -1.544      0.123

 M2_PER   WITH
    M1_FAM            21.229      5.645      3.760      0.000

 Y1_EDI   WITH
    Y2_ANX            26.566      7.836      3.390      0.001
    Y3_DEP            21.461      7.147      3.003      0.003

 Y2_ANX   WITH
    Y3_DEP            46.659      8.051      5.795      0.000

 Means
    X_COVD             0.000      0.271      0.000      1.000
    C1_SEX             1.522      0.039     38.752      0.000
    C2_AGE            11.964      0.264     45.307      0.000

 Intercepts
    Y1_EDI            94.170      7.336     12.836      0.000
    Y2_ANX            76.100      7.684      9.904      0.000
    Y3_DEP            73.772      6.478     11.388      0.000
    M1_FAM            56.797      3.722     15.261      0.000
    M2_PER            33.423      3.190     10.478      0.000

 Variances
    X_COVD            11.680      1.219      9.580      0.000
    C1_SEX             0.250      0.003     90.538      0.000
    C2_AGE            11.260      0.873     12.891      0.000

 Residual Variances
    Y1_EDI            86.473     11.461      7.545      0.000
    Y2_ANX           103.375     12.262      8.430      0.000
    Y3_DEP            62.998      8.326      7.566      0.000
    M1_FAM            84.876      8.979      9.452      0.000
    M2_PER            48.118      5.618      8.565      0.000


STANDARDIZED MODEL RESULTS


STDYX Standardization

                                                    Two-Tailed
                    Estimate       S.E.  Est./S.E.    P-Value

 Y1_EDI   ON
    X_COVD             0.153      0.079      1.954      0.051
    M1_FAM            -0.378      0.083     -4.548      0.000
    M2_PER            -0.193      0.110     -1.765      0.078
    C1_SEX             0.105      0.068      1.545      0.122
    C2_AGE            -0.139      0.080     -1.728      0.084

 Y2_ANX   ON
    X_COVD             0.055      0.084      0.656      0.512
    M1_FAM            -0.189      0.093     -2.027      0.043
    M2_PER            -0.156      0.095     -1.637      0.102
    C1_SEX            -0.086      0.080     -1.079      0.281
    C2_AGE             0.033      0.090      0.374      0.709

 Y3_DEP   ON
    X_COVD             0.117      0.082      1.428      0.153
    M1_FAM            -0.293      0.092     -3.196      0.001
    M2_PER            -0.167      0.103     -1.622      0.105
    C1_SEX             0.010      0.072      0.140      0.889
    C2_AGE             0.179      0.086      2.095      0.036

 M1_FAM   ON
    X_COVD            -0.165      0.076     -2.180      0.029
    C1_SEX            -0.119      0.074     -1.603      0.109
    C2_AGE            -0.271      0.081     -3.367      0.001

 M2_PER   ON
    X_COVD            -0.362      0.078     -4.665      0.000
    C1_SEX             0.090      0.082      1.109      0.268
    C2_AGE            -0.163      0.081     -2.011      0.044

 X_COVD   WITH
    C1_SEX             0.047      0.080      0.596      0.551
    C2_AGE             0.161      0.086      1.877      0.060

 C1_SEX   WITH
    C2_AGE            -0.121      0.078     -1.548      0.122

 M2_PER   WITH
    M1_FAM             0.332      0.078      4.269      0.000

 Y1_EDI   WITH
    Y2_ANX             0.281      0.074      3.815      0.000
    Y3_DEP             0.291      0.082      3.567      0.000

 Y2_ANX   WITH
    Y3_DEP             0.578      0.058     10.044      0.000

 Means
    X_COVD             0.000      0.080      0.000      1.000
    C1_SEX             3.047      0.091     33.441      0.000
    C2_AGE             3.566      0.167     21.395      0.000

 Intercepts
    Y1_EDI             8.475      0.728     11.636      0.000
    Y2_ANX             7.052      0.811      8.701      0.000
    Y3_DEP             7.893      0.873      9.042      0.000
    M1_FAM             5.772      0.408     14.141      0.000
    M2_PER             4.349      0.458      9.495      0.000

 Variances
    X_COVD             1.000      0.000    999.000    999.000
    C1_SEX             1.000      0.000    999.000    999.000
    C2_AGE             1.000      0.000    999.000    999.000

 Residual Variances
    Y1_EDI             0.700      0.074      9.528      0.000
    Y2_ANX             0.888      0.049     18.068      0.000
    Y3_DEP             0.721      0.058     12.386      0.000
    M1_FAM             0.876      0.052     16.853      0.000
    M2_PER             0.815      0.068     11.964      0.000


R-SQUARE

    Observed                                        Two-Tailed
    Variable        Estimate       S.E.  Est./S.E.    P-Value

    Y1_EDI             0.300      0.074      4.075      0.000
    Y2_ANX             0.112      0.049      2.284      0.022
    Y3_DEP             0.279      0.058      4.788      0.000
    M1_FAM             0.124      0.052      2.375      0.018
    M2_PER             0.185      0.068      2.719      0.007


TOTAL, TOTAL INDIRECT, SPECIFIC INDIRECT, AND DIRECT EFFECTS


                                                    Two-Tailed
                    Estimate       S.E.  Est./S.E.    P-Value

Effects from X_COVD to Y1_EDI

  Sum of indirect      0.430      0.164      2.620      0.009

  Specific indirect 1
    Y1_EDI
    M1_FAM
    X_COVD             0.203      0.115      1.769      0.077

  Specific indirect 2
    Y1_EDI
    M2_PER
    X_COVD             0.228      0.139      1.633      0.102


Effects from X_COVD to Y2_ANX

  Sum of indirect      0.276      0.132      2.094      0.036

  Specific indirect 1
    Y2_ANX
    M1_FAM
    X_COVD             0.098      0.075      1.303      0.193

  Specific indirect 2
    Y2_ANX
    M2_PER
    X_COVD             0.178      0.123      1.453      0.146


Effects from X_COVD to Y3_DEP

  Sum of indirect      0.298      0.130      2.290      0.022

  Specific indirect 1
    Y3_DEP
    M1_FAM
    X_COVD             0.132      0.084      1.583      0.114

  Specific indirect 2
    Y3_DEP
    M2_PER
    X_COVD             0.165      0.116      1.425      0.154



STANDARDIZED TOTAL, TOTAL INDIRECT, SPECIFIC INDIRECT, AND DIRECT EFFECTS


STDYX Standardization

                                                    Two-Tailed
                    Estimate       S.E.  Est./S.E.    P-Value

Effects from X_COVD to Y1_EDI

  Sum of indirect      0.132      0.050      2.649      0.008

  Specific indirect 1
    Y1_EDI
    M1_FAM
    X_COVD             0.062      0.034      1.821      0.069

  Specific indirect 2
    Y1_EDI
    M2_PER
    X_COVD             0.070      0.043      1.621      0.105


Effects from X_COVD to Y2_ANX

  Sum of indirect      0.088      0.041      2.141      0.032

  Specific indirect 1
    Y2_ANX
    M1_FAM
    X_COVD             0.031      0.024      1.310      0.190

  Specific indirect 2
    Y2_ANX
    M2_PER
    X_COVD             0.056      0.038      1.477      0.140


Effects from X_COVD to Y3_DEP

  Sum of indirect      0.109      0.046      2.366      0.018

  Specific indirect 1
    Y3_DEP
    M1_FAM
    X_COVD             0.048      0.030      1.611      0.107

  Specific indirect 2
    Y3_DEP
    M2_PER
    X_COVD             0.060      0.042      1.452      0.147




CONFIDENCE INTERVALS OF MODEL RESULTS

                  Lower .5%  Lower 2.5%    Lower 5%    Estimate    Upper 5%  Upper 2.5%   Upper .5%

 Y1_EDI   ON
    X_COVD          -0.163      -0.009       0.068       0.499       0.956       1.038       1.215
    M1_FAM          -0.660      -0.608      -0.580      -0.427      -0.261      -0.232      -0.171
    M2_PER          -0.679      -0.584      -0.533      -0.280      -0.021       0.035       0.133
    C1_SEX          -1.504      -0.680      -0.184       2.340       4.771       5.221       6.070
    C2_AGE          -1.113      -0.958      -0.880      -0.459      -0.004       0.090       0.239

 Y2_ANX   ON
    X_COVD          -0.553      -0.374      -0.285       0.174       0.589       0.671       0.827
    M1_FAM          -0.471      -0.407      -0.375      -0.207      -0.036      -0.004       0.057
    M2_PER          -0.576      -0.486      -0.441      -0.219       0.006       0.053       0.150
    C1_SEX          -6.161      -5.195      -4.670      -1.867       1.011       1.569       2.595
    C2_AGE          -0.639      -0.466      -0.372       0.108       0.581       0.675       0.842

 Y3_DEP   ON
    X_COVD          -0.264      -0.114      -0.044       0.320       0.702       0.779       0.910
    M1_FAM          -0.527      -0.466      -0.434      -0.278      -0.134      -0.107      -0.051
    M2_PER          -0.515      -0.436      -0.399      -0.203       0.015       0.057       0.131
    C1_SEX          -3.111      -2.346      -1.925       0.188       2.462       2.877       3.766
    C2_AGE          -0.113       0.030       0.105       0.499       0.906       0.982       1.130

 M1_FAM   ON
    X_COVD          -1.043      -0.909      -0.834      -0.475      -0.104      -0.029       0.106
    C1_SEX          -6.118      -5.248      -4.734      -2.346       0.072       0.531       1.581
    C2_AGE          -1.410      -1.245      -1.172      -0.796      -0.380      -0.296      -0.150

 M2_PER   ON
    X_COVD          -1.262      -1.146      -1.097      -0.813      -0.498      -0.441      -0.321
    C1_SEX          -1.895      -1.098      -0.712       1.391       3.434       3.837       4.622
    C2_AGE          -0.872      -0.750      -0.692      -0.374      -0.057       0.001       0.116

 X_COVD   WITH
    C1_SEX          -0.261      -0.180      -0.139       0.081       0.309       0.349       0.434
    C2_AGE          -0.681      -0.103       0.247       1.846       3.528       3.851       4.437

 C1_SEX   WITH
    C2_AGE          -0.555      -0.464      -0.424      -0.202       0.010       0.046       0.134

 M2_PER   WITH
    M1_FAM           7.604      10.946      12.577      21.229      31.110      32.991      36.440

 Y1_EDI   WITH
    Y2_ANX           8.867      13.135      15.278      26.566      41.479      44.542      48.907
    Y3_DEP           6.084       9.835      11.730      21.461      35.710      38.036      42.727

 Y2_ANX   WITH
    Y3_DEP          29.249      33.563      36.060      46.659      63.069      65.576      70.715

 Means
    X_COVD          -0.692      -0.509      -0.428       0.000       0.459       0.547       0.711
    C1_SEX           1.415       1.447       1.459       1.522       1.585       1.597       1.623
    C2_AGE          11.289      11.447      11.533      11.964      12.403      12.486      12.621

 Intercepts
    Y1_EDI          73.537      78.478      81.118      94.170     105.303     107.119     111.532
    Y2_ANX          54.887      60.060      62.609      76.100      88.189      90.324      94.175
    Y3_DEP          57.263      61.267      63.201      73.772      84.585      86.721      91.488
    M1_FAM          47.088      49.427      50.743      56.797      62.888      64.179      66.475
    M2_PER          25.265      27.107      28.155      33.423      38.558      39.740      41.682

 Variances
    X_COVD           8.819       9.495       9.884      11.680      13.881      14.291      15.187
    C1_SEX           0.240       0.245       0.246       0.250       0.250       0.250       0.250
    C2_AGE           9.150       9.628       9.920      11.260      12.801      13.092      13.684

 Residual Variances
    Y1_EDI          61.975      68.466      71.643      86.473     111.052     114.811     121.540
    Y2_ANX          77.548      84.204      87.683     103.375     129.612     134.662     143.782
    Y3_DEP          45.851      50.318      52.712      62.998      81.594      84.158      88.396
    M1_FAM          64.920      69.808      72.557      84.876     102.640     105.550     111.424
    M2_PER          35.541      38.631      40.343      48.118      59.306      61.184      64.803


CONFIDENCE INTERVALS OF STANDARDIZED MODEL RESULTS


STDYX Standardization

                  Lower .5%  Lower 2.5%    Lower 5%    Estimate    Upper 5%  Upper 2.5%   Upper .5%

 Y1_EDI   ON
    X_COVD          -0.051      -0.003       0.021       0.153       0.280       0.306       0.351
    M1_FAM          -0.577      -0.531      -0.509      -0.378      -0.233      -0.206      -0.150
    M2_PER          -0.472      -0.407      -0.372      -0.193      -0.012       0.027       0.090
    C1_SEX          -0.068      -0.031      -0.009       0.105       0.216       0.236       0.275
    C2_AGE          -0.331      -0.288      -0.265      -0.139       0.000       0.029       0.071

 Y2_ANX   ON
    X_COVD          -0.171      -0.117      -0.087       0.055       0.188       0.212       0.263
    M1_FAM          -0.423      -0.366      -0.340      -0.189      -0.034      -0.005       0.050
    M2_PER          -0.389      -0.339      -0.310      -0.156       0.004       0.038       0.106
    C1_SEX          -0.292      -0.243      -0.217      -0.086       0.046       0.071       0.119
    C2_AGE          -0.203      -0.144      -0.117       0.033       0.178       0.206       0.258

 Y3_DEP   ON
    X_COVD          -0.098      -0.043      -0.018       0.117       0.251       0.275       0.318
    M1_FAM          -0.530      -0.474      -0.444      -0.293      -0.141      -0.113      -0.053
    M2_PER          -0.415      -0.357      -0.325      -0.167       0.015       0.047       0.107
    C1_SEX          -0.172      -0.127      -0.104       0.010       0.131       0.154       0.199
    C2_AGE          -0.043       0.010       0.036       0.179       0.317       0.342       0.390

 M1_FAM   ON
    X_COVD          -0.353      -0.309      -0.285      -0.165      -0.036      -0.011       0.037
    C1_SEX          -0.305      -0.262      -0.238      -0.119       0.005       0.028       0.083
    C2_AGE          -0.468      -0.420      -0.396      -0.271      -0.131      -0.103      -0.053

 M2_PER   ON
    X_COVD          -0.537      -0.498      -0.477      -0.362      -0.221      -0.196      -0.141
    C1_SEX          -0.122      -0.073      -0.046       0.090       0.221       0.246       0.295
    C2_AGE          -0.365      -0.320      -0.295      -0.163      -0.024       0.001       0.053

 X_COVD   WITH
    C1_SEX          -0.154      -0.107      -0.083       0.047       0.180       0.204       0.250
    C2_AGE          -0.068      -0.015       0.016       0.161       0.297       0.324       0.374

 C1_SEX   WITH
    C2_AGE          -0.322      -0.274      -0.249      -0.121       0.008       0.030       0.082

 M2_PER   WITH
    M1_FAM           0.107       0.168       0.193       0.332       0.450       0.471       0.508

 Y1_EDI   WITH
    Y2_ANX           0.079       0.131       0.157       0.281       0.400       0.419       0.456
    Y3_DEP           0.076       0.125       0.154       0.291       0.422       0.442       0.479

 Y2_ANX   WITH
    Y3_DEP           0.407       0.453       0.475       0.578       0.662       0.680       0.708

 Means
    X_COVD          -0.210      -0.152      -0.127       0.000       0.134       0.158       0.213
    C1_SEX           2.872       2.910       2.928       3.047       3.217       3.257       3.348
    C2_AGE           3.175       3.258       3.302       3.566       3.842       3.903       4.022

 Intercepts
    Y1_EDI           6.378       6.875       7.158       8.475       9.575       9.799      10.251
    Y2_ANX           4.904       5.401       5.657       7.052       8.319       8.568       9.076
    Y3_DEP           5.686       6.211       6.461       7.893       9.295       9.584      10.175
    M1_FAM           4.620       4.949       5.067       5.772       6.408       6.534       6.773
    M2_PER           3.141       3.436       3.567       4.349       5.066       5.217       5.513

 Variances
    X_COVD           1.000       1.000       1.000       1.000       1.000       1.000       1.000
    C1_SEX           1.000       1.000       1.000       1.000       1.000       1.000       1.000
    C2_AGE           1.000       1.000       1.000       1.000       1.000       1.000       1.000

 Residual Variances
    Y1_EDI           0.526       0.574       0.598       0.700       0.832       0.848       0.885
    Y2_ANX           0.782       0.816       0.834       0.888       0.966       0.971       0.979
    Y3_DEP           0.595       0.631       0.651       0.721       0.830       0.840       0.868
    M1_FAM           0.737       0.778       0.798       0.876       0.955       0.966       0.980
    M2_PER           0.637       0.686       0.710       0.815       0.924       0.939       0.966


CONFIDENCE INTERVALS OF TOTAL, TOTAL INDIRECT, SPECIFIC INDIRECT, AND DIRECT EFFECTS


                  Lower .5%  Lower 2.5%    Lower 5%    Estimate    Upper 5%  Upper 2.5%   Upper .5%

Effects from X_COVD to Y1_EDI

  Sum of indirect    0.049       0.137       0.185       0.430       0.728       0.790       0.935

  Specific indirect 1
    Y1_EDI
    M1_FAM
    X_COVD          -0.031       0.023       0.049       0.203       0.429       0.477       0.568

  Specific indirect 2
    Y1_EDI
    M2_PER
    X_COVD          -0.088      -0.003       0.038       0.228       0.509       0.567       0.703


Effects from X_COVD to Y2_ANX

  Sum of indirect   -0.011       0.055       0.093       0.276       0.526       0.580       0.688

  Specific indirect 1
    Y2_ANX
    M1_FAM
    X_COVD          -0.019       0.002       0.013       0.098       0.269       0.310       0.386

  Specific indirect 2
    Y2_ANX
    M2_PER
    X_COVD          -0.099      -0.022       0.012       0.178       0.421       0.469       0.579


Effects from X_COVD to Y3_DEP

  Sum of indirect    0.009       0.075       0.104       0.298       0.527       0.578       0.685

  Specific indirect 1
    Y3_DEP
    M1_FAM
    X_COVD          -0.012       0.015       0.030       0.132       0.309       0.346       0.439

  Specific indirect 2
    Y3_DEP
    M2_PER
    X_COVD          -0.083      -0.026       0.005       0.165       0.385       0.432       0.531



CONFIDENCE INTERVALS OF STANDARDIZED TOTAL, TOTAL INDIRECT, SPECIFIC INDIRECT, AND DIRECT EFFECTS


STDYX Standardization

                  Lower .5%  Lower 2.5%    Lower 5%    Estimate    Upper 5%  Upper 2.5%   Upper .5%

Effects from X_COVD to Y1_EDI

  Sum of indirect    0.014       0.042       0.057       0.132       0.222       0.241       0.281

  Specific indirect 1
    Y1_EDI
    M1_FAM
    X_COVD          -0.010       0.007       0.015       0.062       0.129       0.142       0.168

  Specific indirect 2
    Y1_EDI
    M2_PER
    X_COVD          -0.026      -0.001       0.011       0.070       0.156       0.176       0.211


Effects from X_COVD to Y2_ANX

  Sum of indirect   -0.004       0.017       0.030       0.088       0.164       0.180       0.213

  Specific indirect 1
    Y2_ANX
    M1_FAM
    X_COVD          -0.006       0.001       0.004       0.031       0.086       0.098       0.126

  Specific indirect 2
    Y2_ANX
    M2_PER
    X_COVD          -0.031      -0.006       0.004       0.056       0.132       0.146       0.181


Effects from X_COVD to Y3_DEP

  Sum of indirect    0.003       0.027       0.038       0.109       0.187       0.206       0.238

  Specific indirect 1
    Y3_DEP
    M1_FAM
    X_COVD          -0.005       0.005       0.011       0.048       0.110       0.125       0.156

  Specific indirect 2
    Y3_DEP
    M2_PER
    X_COVD          -0.032      -0.010       0.001       0.060       0.138       0.154       0.184




TECHNICAL 1 OUTPUT


     PARAMETER SPECIFICATION


           NU
              Y1_EDI        Y2_ANX        Y3_DEP        M1_FAM        M2_PER
              ________      ________      ________      ________      ________
                  0             0             0             0             0


           NU
              X_COVD        C1_SEX        C2_AGE
              ________      ________      ________
                  0             0             0


           LAMBDA
              Y1_EDI        Y2_ANX        Y3_DEP        M1_FAM        M2_PER
              ________      ________      ________      ________      ________
 Y1_EDI             0             0             0             0             0
 Y2_ANX             0             0             0             0             0
 Y3_DEP             0             0             0             0             0
 M1_FAM             0             0             0             0             0
 M2_PER             0             0             0             0             0
 X_COVD             0             0             0             0             0
 C1_SEX             0             0             0             0             0
 C2_AGE             0             0             0             0             0


           LAMBDA
              X_COVD        C1_SEX        C2_AGE
              ________      ________      ________
 Y1_EDI             0             0             0
 Y2_ANX             0             0             0
 Y3_DEP             0             0             0
 M1_FAM             0             0             0
 M2_PER             0             0             0
 X_COVD             0             0             0
 C1_SEX             0             0             0
 C2_AGE             0             0             0


           THETA
              Y1_EDI        Y2_ANX        Y3_DEP        M1_FAM        M2_PER
              ________      ________      ________      ________      ________
 Y1_EDI             0
 Y2_ANX             0             0
 Y3_DEP             0             0             0
 M1_FAM             0             0             0             0
 M2_PER             0             0             0             0             0
 X_COVD             0             0             0             0             0
 C1_SEX             0             0             0             0             0
 C2_AGE             0             0             0             0             0


           THETA
              X_COVD        C1_SEX        C2_AGE
              ________      ________      ________
 X_COVD             0
 C1_SEX             0             0
 C2_AGE             0             0             0


           ALPHA
              Y1_EDI        Y2_ANX        Y3_DEP        M1_FAM        M2_PER
              ________      ________      ________      ________      ________
                  1             2             3             4             5


           ALPHA
              X_COVD        C1_SEX        C2_AGE
              ________      ________      ________
                  6             7             8


           BETA
              Y1_EDI        Y2_ANX        Y3_DEP        M1_FAM        M2_PER
              ________      ________      ________      ________      ________
 Y1_EDI             0             0             0             9            10
 Y2_ANX             0             0             0            14            15
 Y3_DEP             0             0             0            19            20
 M1_FAM             0             0             0             0             0
 M2_PER             0             0             0             0             0
 X_COVD             0             0             0             0             0
 C1_SEX             0             0             0             0             0
 C2_AGE             0             0             0             0             0


           BETA
              X_COVD        C1_SEX        C2_AGE
              ________      ________      ________
 Y1_EDI            11            12            13
 Y2_ANX            16            17            18
 Y3_DEP            21            22            23
 M1_FAM            24            25            26
 M2_PER            27            28            29
 X_COVD             0             0             0
 C1_SEX             0             0             0
 C2_AGE             0             0             0


           PSI
              Y1_EDI        Y2_ANX        Y3_DEP        M1_FAM        M2_PER
              ________      ________      ________      ________      ________
 Y1_EDI            30
 Y2_ANX            31            32
 Y3_DEP            33            34            35
 M1_FAM             0             0             0            36
 M2_PER             0             0             0            37            38
 X_COVD             0             0             0             0             0
 C1_SEX             0             0             0             0             0
 C2_AGE             0             0             0             0             0


           PSI
              X_COVD        C1_SEX        C2_AGE
              ________      ________      ________
 X_COVD            39
 C1_SEX            40            41
 C2_AGE            42            43            44


     STARTING VALUES


           NU
              Y1_EDI        Y2_ANX        Y3_DEP        M1_FAM        M2_PER
              ________      ________      ________      ________      ________
                0.000         0.000         0.000         0.000         0.000


           NU
              X_COVD        C1_SEX        C2_AGE
              ________      ________      ________
                0.000         0.000         0.000


           LAMBDA
              Y1_EDI        Y2_ANX        Y3_DEP        M1_FAM        M2_PER
              ________      ________      ________      ________      ________
 Y1_EDI         1.000         0.000         0.000         0.000         0.000
 Y2_ANX         0.000         1.000         0.000         0.000         0.000
 Y3_DEP         0.000         0.000         1.000         0.000         0.000
 M1_FAM         0.000         0.000         0.000         1.000         0.000
 M2_PER         0.000         0.000         0.000         0.000         1.000
 X_COVD         0.000         0.000         0.000         0.000         0.000
 C1_SEX         0.000         0.000         0.000         0.000         0.000
 C2_AGE         0.000         0.000         0.000         0.000         0.000


           LAMBDA
              X_COVD        C1_SEX        C2_AGE
              ________      ________      ________
 Y1_EDI         0.000         0.000         0.000
 Y2_ANX         0.000         0.000         0.000
 Y3_DEP         0.000         0.000         0.000
 M1_FAM         0.000         0.000         0.000
 M2_PER         0.000         0.000         0.000
 X_COVD         1.000         0.000         0.000
 C1_SEX         0.000         1.000         0.000
 C2_AGE         0.000         0.000         1.000


           THETA
              Y1_EDI        Y2_ANX        Y3_DEP        M1_FAM        M2_PER
              ________      ________      ________      ________      ________
 Y1_EDI         0.000
 Y2_ANX         0.000         0.000
 Y3_DEP         0.000         0.000         0.000
 M1_FAM         0.000         0.000         0.000         0.000
 M2_PER         0.000         0.000         0.000         0.000         0.000
 X_COVD         0.000         0.000         0.000         0.000         0.000
 C1_SEX         0.000         0.000         0.000         0.000         0.000
 C2_AGE         0.000         0.000         0.000         0.000         0.000


           THETA
              X_COVD        C1_SEX        C2_AGE
              ________      ________      ________
 X_COVD         0.000
 C1_SEX         0.000         0.000
 C2_AGE         0.000         0.000         0.000


           ALPHA
              Y1_EDI        Y2_ANX        Y3_DEP        M1_FAM        M2_PER
              ________      ________      ________      ________      ________
               64.885        58.701        61.549        43.706        31.341


           ALPHA
              X_COVD        C1_SEX        C2_AGE
              ________      ________      ________
                0.000         1.522        11.964


           BETA
              Y1_EDI        Y2_ANX        Y3_DEP        M1_FAM        M2_PER
              ________      ________      ________      ________      ________
 Y1_EDI         0.000         0.000         0.000         0.000         0.000
 Y2_ANX         0.000         0.000         0.000         0.000         0.000
 Y3_DEP         0.000         0.000         0.000         0.000         0.000
 M1_FAM         0.000         0.000         0.000         0.000         0.000
 M2_PER         0.000         0.000         0.000         0.000         0.000
 X_COVD         0.000         0.000         0.000         0.000         0.000
 C1_SEX         0.000         0.000         0.000         0.000         0.000
 C2_AGE         0.000         0.000         0.000         0.000         0.000


           BETA
              X_COVD        C1_SEX        C2_AGE
              ________      ________      ________
 Y1_EDI         0.000         0.000         0.000
 Y2_ANX         0.000         0.000         0.000
 Y3_DEP         0.000         0.000         0.000
 M1_FAM         0.000         0.000         0.000
 M2_PER         0.000         0.000         0.000
 X_COVD         0.000         0.000         0.000
 C1_SEX         0.000         0.000         0.000
 C2_AGE         0.000         0.000         0.000


           PSI
              Y1_EDI        Y2_ANX        Y3_DEP        M1_FAM        M2_PER
              ________      ________      ________      ________      ________
 Y1_EDI        61.730
 Y2_ANX         0.000        58.221
 Y3_DEP         0.000         0.000        43.674
 M1_FAM         0.000         0.000         0.000        48.418
 M2_PER         0.000         0.000         0.000         0.000        28.415
 X_COVD         0.000         0.000         0.000         0.000         0.000
 C1_SEX         0.000         0.000         0.000         0.000         0.000
 C2_AGE         0.000         0.000         0.000         0.000         0.000


           PSI
              X_COVD        C1_SEX        C2_AGE
              ________      ________      ________
 X_COVD         5.840
 C1_SEX         0.000         0.125
 C2_AGE         0.000         0.000         5.630


     Beginning Time:  13:05:05
        Ending Time:  13:05:18
       Elapsed Time:  00:00:13



MUTHEN & MUTHEN
3463 Stoner Ave.
Los Angeles, CA  90066

Tel: (310) 391-9971
Fax: (310) 391-8971
Web: www.StatModel.com
Support: Support@StatModel.com

Copyright (c) 1998-2023 Muthen & Muthen
