Mplus VERSION 8.10 (Mac)
MUTHEN & MUTHEN
07/10/2023   2:03 PM

INPUT INSTRUCTIONS


  TITLE:
  	Y1_EDI
  	;
  	
  DATA:
  	FILE =
  		myDB_230701.csv
  	;

  VARIABLE:
  	NAMES =
  		X_COVD
  		Y1_EDI Y2_ANX Y3_DEP
  		!M1_FAM M2_PER
  		C1_SEX C2_AGE
  		;
  	USEVARIABLES =
    		X_COVD
  		Y1_EDI Y2_ANX Y3_DEP
    		!M1_FAM M2_PER
  		C1_SEX C2_AGE
    		;
  	MISSING =	
  		.
  		;
    		    		
  ANALYSIS:
  	TYPE = GENERAL;
  	ESTIMATOR = ML;
  	BOOTSTRAP = 10000;

  OUTPUT:
  	SAMPSTAT STDYX CINT(bcbootstrap)
  	;
  	
  MODEL:
  ! Y ON X + Mediators + Covariates
  	Y1_EDI Y2_ANX Y3_DEP ON
  		X_COVD
  		!M1_FAM M2_PER
  		C1_SEX C2_AGE
  		;
  ! Mediators ON X + Covariates
  	!M1_FAM M2_PER ON
  		!X_COVD
  		!C1_SEX C2_AGE
  		;
  ! COVARIANCES
  	X_COVD WITH C1_SEX;
  	X_COVD WITH C2_AGE;
  	C1_SEX WITH C2_AGE;
  	!M2_PER WITH M1_FAM;
  	Y1_EDI-Y3_DEP WITH Y1_EDI-Y3_DEP*;
  	



INPUT READING TERMINATED NORMALLY




Y1_EDI
;

SUMMARY OF ANALYSIS

Number of groups                                                 1
Number of observations                                         159

Number of dependent variables                                    3
Number of independent variables                                  3
Number of continuous latent variables                            0

Observed dependent variables

  Continuous
   Y1_EDI      Y2_ANX      Y3_DEP

Observed independent variables
   X_COVD      C1_SEX      C2_AGE


Estimator                                                       ML
Information matrix                                        OBSERVED
Maximum number of iterations                                  1000
Convergence criterion                                    0.500D-04
Maximum number of steepest descent iterations                   20
Maximum number of iterations for H1                           2000
Convergence criterion for H1                             0.100D-03
Number of bootstrap draws
    Requested                                                10000
    Completed                                                10000

Input data file(s)
  myDB_230701.csv

Input data format  FREE


SUMMARY OF DATA

     Number of missing data patterns             2


COVARIANCE COVERAGE OF DATA

Minimum covariance coverage value   0.100


     PROPORTION OF DATA PRESENT


           Covariance Coverage
              Y1_EDI        Y2_ANX        Y3_DEP        X_COVD        C1_SEX
              ________      ________      ________      ________      ________
 Y1_EDI         1.000
 Y2_ANX         1.000         1.000
 Y3_DEP         1.000         1.000         1.000
 X_COVD         1.000         1.000         1.000         1.000
 C1_SEX         1.000         1.000         1.000         1.000         1.000
 C2_AGE         0.774         0.774         0.774         0.774         0.774


           Covariance Coverage
              C2_AGE
              ________
 C2_AGE         0.774


SAMPLE STATISTICS


     ESTIMATED SAMPLE STATISTICS


           Means
              Y1_EDI        Y2_ANX        Y3_DEP        X_COVD        C1_SEX
              ________      ________      ________      ________      ________
               64.885        58.701        61.549         0.000        43.706


           Means
              C2_AGE
              ________
               31.088


           Covariances
              Y1_EDI        Y2_ANX        Y3_DEP        X_COVD        C1_SEX
              ________      ________      ________      ________      ________
 Y1_EDI       123.460
 Y2_ANX        44.174       116.443
 Y3_DEP        45.836        63.306        87.348
 X_COVD        11.066         5.781         8.733        11.680
 C1_SEX       -50.108       -27.984       -40.121        -7.208        96.836
 C2_AGE       -28.989       -21.389       -25.448        -9.690        29.971


           Covariances
              C2_AGE
              ________
 C2_AGE        58.013


           Correlations
              Y1_EDI        Y2_ANX        Y3_DEP        X_COVD        C1_SEX
              ________      ________      ________      ________      ________
 Y1_EDI         1.000
 Y2_ANX         0.368         1.000
 Y3_DEP         0.441         0.628         1.000
 X_COVD         0.291         0.157         0.273         1.000
 C1_SEX        -0.458        -0.264        -0.436        -0.214         1.000
 C2_AGE        -0.343        -0.260        -0.357        -0.372         0.400


           Correlations
              C2_AGE
              ________
 C2_AGE         1.000


     MAXIMUM LOG-LIKELIHOOD VALUE FOR THE UNRESTRICTED (H1) MODEL IS -3113.558


UNIVARIATE SAMPLE STATISTICS


     UNIVARIATE HIGHER-ORDER MOMENT DESCRIPTIVE STATISTICS

         Variable/         Mean/     Skewness/   Minimum/ % with                Percentiles
        Sample Size      Variance    Kurtosis    Maximum  Min/Max      20%/60%    40%/80%    Median

     Y1_EDI               64.885      -0.252      39.300    3.77%      55.700     62.500     66.300
             159.000     123.460      -0.310      88.500    1.89%      68.800     74.000
     Y2_ANX               58.701      -0.138      34.600    4.40%      50.100     56.600     59.200
             159.000     116.443      -0.073      84.800    0.63%      61.400     66.700
     Y3_DEP               61.549      -0.086      36.200    2.52%      54.200     60.000     62.000
             159.000      87.348       0.662      84.700    2.52%      63.400     68.700
     X_COVD                0.000       0.159      -7.893    0.63%      -2.893     -0.893      0.107
             159.000      11.680      -0.265       8.107    2.52%       1.107      2.107
     C1_SEX               43.706       0.231      23.100    0.63%      35.200     40.700     43.000
             159.000      96.836      -0.400      63.100    8.81%      46.100     50.900
     C2_AGE               31.341       0.089      15.900    3.25%      24.800     28.400     30.900
             123.000      56.830      -0.720      44.900    0.81%      33.400     37.600


THE MODEL ESTIMATION TERMINATED NORMALLY



MODEL FIT INFORMATION

Number of Free Parameters                       27

Loglikelihood

          H0 Value                       -3113.558
          H1 Value                       -3113.558

Information Criteria

          Akaike (AIC)                    6281.116
          Bayesian (BIC)                  6363.976
          Sample-Size Adjusted BIC        6278.506
            (n* = (n + 2) / 24)

Chi-Square Test of Model Fit

          Value                              0.000
          Degrees of Freedom                     0
          P-Value                           0.0000

RMSEA (Root Mean Square Error Of Approximation)

          Estimate                           0.000
          90 Percent C.I.                    0.000  0.000
          Probability RMSEA <= .05           0.000

CFI/TLI

          CFI                                1.000
          TLI                                1.000

Chi-Square Test of Model Fit for the Baseline Model

          Value                            185.293
          Degrees of Freedom                    12
          P-Value                           0.0000

SRMR (Standardized Root Mean Square Residual)

          Value                              0.000



MODEL RESULTS

                                                    Two-Tailed
                    Estimate       S.E.  Est./S.E.    P-Value

 Y1_EDI   ON
    X_COVD             0.527      0.276      1.912      0.056
    C1_SEX            -0.418      0.086     -4.874      0.000
    C2_AGE            -0.196      0.158     -1.240      0.215

 Y2_ANX   ON
    X_COVD             0.175      0.261      0.670      0.503
    C1_SEX            -0.203      0.103     -1.966      0.049
    C2_AGE            -0.234      0.132     -1.774      0.076

 Y3_DEP   ON
    X_COVD             0.375      0.237      1.583      0.113
    C1_SEX            -0.321      0.089     -3.625      0.000
    C2_AGE            -0.210      0.124     -1.694      0.090

 X_COVD   WITH
    C1_SEX            -7.208      2.747     -2.624      0.009
    C2_AGE            -9.691      2.416     -4.012      0.000

 C1_SEX   WITH
    C2_AGE            29.971      6.068      4.939      0.000

 Y1_EDI   WITH
    Y2_ANX            25.250      8.079      3.126      0.002
    Y3_DEP            19.492      7.310      2.667      0.008

 Y2_ANX   WITH
    Y3_DEP            47.652      9.075      5.251      0.000

 Means
    X_COVD             0.000      0.271      0.000      1.000
    C1_SEX            43.706      0.776     56.321      0.000
    C2_AGE            31.088      0.672     46.248      0.000

 Intercepts
    Y1_EDI            89.227      4.851     18.395      0.000
    Y2_ANX            74.879      4.539     16.497      0.000
    Y3_DEP            82.124      3.988     20.594      0.000

 Variances
    X_COVD            11.680      1.219      9.580      0.000
    C1_SEX            96.836      9.605     10.082      0.000
    C2_AGE            58.014      6.076      9.547      0.000

 Residual Variances
    Y1_EDI            91.023     10.890      8.358      0.000
    Y2_ANX           104.725     12.345      8.483      0.000
    Y3_DEP            65.833      9.764      6.742      0.000


STANDARDIZED MODEL RESULTS


STDYX Standardization

                                                    Two-Tailed
                    Estimate       S.E.  Est./S.E.    P-Value

 Y1_EDI   ON
    X_COVD             0.162      0.081      2.003      0.045
    C1_SEX            -0.370      0.073     -5.087      0.000
    C2_AGE            -0.134      0.109     -1.236      0.216

 Y2_ANX   ON
    X_COVD             0.055      0.082      0.672      0.502
    C1_SEX            -0.186      0.092     -2.012      0.044
    C2_AGE            -0.165      0.092     -1.807      0.071

 Y3_DEP   ON
    X_COVD             0.137      0.085      1.614      0.107
    C1_SEX            -0.338      0.087     -3.890      0.000
    C2_AGE            -0.171      0.100     -1.708      0.088

 X_COVD   WITH
    C1_SEX            -0.214      0.078     -2.754      0.006
    C2_AGE            -0.372      0.081     -4.606      0.000

 C1_SEX   WITH
    C2_AGE             0.400      0.067      5.948      0.000

 Y1_EDI   WITH
    Y2_ANX             0.259      0.075      3.427      0.001
    Y3_DEP             0.252      0.082      3.071      0.002

 Y2_ANX   WITH
    Y3_DEP             0.574      0.061      9.428      0.000

 Means
    X_COVD             0.000      0.080      0.000      1.000
    C1_SEX             4.441      0.226     19.666      0.000
    C2_AGE             4.082      0.230     17.771      0.000

 Intercepts
    Y1_EDI             8.030      0.544     14.754      0.000
    Y2_ANX             6.939      0.488     14.209      0.000
    Y3_DEP             8.787      0.572     15.373      0.000

 Variances
    X_COVD             1.000      0.000    999.000    999.000
    C1_SEX             1.000      0.000    999.000    999.000
    C2_AGE             1.000      0.000    999.000    999.000

 Residual Variances
    Y1_EDI             0.737      0.065     11.293      0.000
    Y2_ANX             0.899      0.046     19.580      0.000
    Y3_DEP             0.754      0.069     10.989      0.000


R-SQUARE

    Observed                                        Two-Tailed
    Variable        Estimate       S.E.  Est./S.E.    P-Value

    Y1_EDI             0.263      0.065      4.024      0.000
    Y2_ANX             0.101      0.046      2.191      0.028
    Y3_DEP             0.246      0.069      3.591      0.000


CONFIDENCE INTERVALS OF MODEL RESULTS

                  Lower .5%  Lower 2.5%    Lower 5%    Estimate    Upper 5%  Upper 2.5%   Upper .5%

 Y1_EDI   ON
    X_COVD          -0.165       0.001       0.078       0.527       0.988       1.085       1.274
    C1_SEX          -0.635      -0.582      -0.556      -0.418      -0.272      -0.245      -0.196
    C2_AGE          -0.586      -0.498      -0.450      -0.196       0.071       0.119       0.219

 Y2_ANX   ON
    X_COVD          -0.532      -0.365      -0.275       0.175       0.585       0.665       0.826
    C1_SEX          -0.473      -0.410      -0.375      -0.203      -0.033      -0.003       0.053
    C2_AGE          -0.578      -0.492      -0.446      -0.234      -0.012       0.029       0.119

 Y3_DEP   ON
    X_COVD          -0.230      -0.085      -0.004       0.375       0.772       0.841       0.974
    C1_SEX          -0.562      -0.503      -0.476      -0.321      -0.183      -0.156      -0.106
    C2_AGE          -0.515      -0.437      -0.402      -0.210       0.006       0.048       0.124

 X_COVD   WITH
    C1_SEX         -14.904     -12.896     -11.919      -7.208      -2.866      -2.027      -0.563
    C2_AGE         -16.088     -14.520     -13.719      -9.691      -5.767      -5.041      -3.557

 C1_SEX   WITH
    C2_AGE          14.973      18.473      20.470      29.971      40.566      42.768      46.528

 Y1_EDI   WITH
    Y2_ANX           6.745      11.048      13.287      25.250      40.154      43.144      47.407
    Y3_DEP           3.650       7.349       9.436      19.492      34.072      36.455      42.070

 Y2_ANX   WITH
    Y3_DEP          28.237      32.807      35.236      47.652      65.720      68.976      76.237

 Means
    X_COVD          -0.698      -0.509      -0.434       0.000       0.453       0.541       0.711
    C1_SEX          41.685      42.167      42.431      43.706      44.959      45.222      45.756
    C2_AGE          29.431      29.803      29.982      31.088      32.193      32.419      32.855

 Intercepts
    Y1_EDI          75.967      79.264      81.005      89.227      96.891      98.334     101.130
    Y2_ANX          63.235      65.813      67.170      74.879      82.194      83.658      86.310
    Y3_DEP          71.721      74.142      75.404      82.124      88.575      89.845      92.431

 Variances
    X_COVD           8.819       9.495       9.884      11.680      13.881      14.291      15.187
    C1_SEX          73.726      79.249      82.316      96.836     113.829     117.158     124.022
    C2_AGE          43.389      47.096      48.866      58.014      68.824      71.014      75.202

 Residual Variances
    Y1_EDI          66.891      73.213      76.525      91.023     113.506     117.476     124.948
    Y2_ANX          77.394      84.337      87.756     104.725     129.406     134.875     142.792
    Y3_DEP          45.830      50.367      53.074      65.833      86.705      90.769      97.986


CONFIDENCE INTERVALS OF STANDARDIZED MODEL RESULTS


STDYX Standardization

                  Lower .5%  Lower 2.5%    Lower 5%    Estimate    Upper 5%  Upper 2.5%   Upper .5%

 Y1_EDI   ON
    X_COVD          -0.052       0.000       0.024       0.162       0.291       0.318       0.370
    C1_SEX          -0.542      -0.502      -0.482      -0.370      -0.242      -0.216      -0.171
    C2_AGE          -0.402      -0.342      -0.309      -0.134       0.049       0.082       0.151

 Y2_ANX   ON
    X_COVD          -0.166      -0.113      -0.086       0.055       0.187       0.212       0.259
    C1_SEX          -0.420      -0.362      -0.334      -0.186      -0.030      -0.002       0.051
    C2_AGE          -0.392      -0.340      -0.310      -0.165      -0.009       0.020       0.083

 Y3_DEP   ON
    X_COVD          -0.088      -0.034      -0.003       0.137       0.274       0.299       0.341
    C1_SEX          -0.557      -0.506      -0.480      -0.338      -0.195      -0.166      -0.112
    C2_AGE          -0.405      -0.354      -0.323      -0.171       0.008       0.041       0.100

 X_COVD   WITH
    C1_SEX          -0.407      -0.360      -0.339      -0.214      -0.081      -0.057      -0.011
    C2_AGE          -0.553      -0.516      -0.494      -0.372      -0.226      -0.202      -0.142

 C1_SEX   WITH
    C2_AGE           0.212       0.259       0.284       0.400       0.505       0.525       0.558

 Y1_EDI   WITH
    Y2_ANX           0.055       0.106       0.131       0.259       0.378       0.402       0.437
    Y3_DEP           0.036       0.085       0.116       0.252       0.385       0.407       0.446

 Y2_ANX   WITH
    Y3_DEP           0.386       0.443       0.465       0.574       0.664       0.680       0.711

 Means
    X_COVD          -0.211      -0.153      -0.128       0.000       0.133       0.158       0.212
    C1_SEX           3.924       4.029       4.092       4.441       4.815       4.905       5.073
    C2_AGE           3.535       3.655       3.720       4.082       4.463       4.554       4.719

 Intercepts
    Y1_EDI           6.561       6.899       7.073       8.030       8.869       9.051       9.373
    Y2_ANX           5.727       5.981       6.107       6.939       7.700       7.857       8.190
    Y3_DEP           7.345       7.645       7.815       8.787       9.679       9.866      10.249

 Variances
    X_COVD           1.000       1.000       1.000       1.000       1.000       1.000       1.000
    C1_SEX           1.000       1.000       1.000       1.000       1.000       1.000       1.000
    C2_AGE           1.000       1.000       1.000       1.000       1.000       1.000       1.000

 Residual Variances
    Y1_EDI           0.573       0.618       0.640       0.737       0.850       0.867       0.893
    Y2_ANX           0.784       0.818       0.835       0.899       0.968       0.975       0.987
    Y3_DEP           0.589       0.632       0.657       0.754       0.873       0.888       0.921


     Beginning Time:  14:03:58
        Ending Time:  14:04:04
       Elapsed Time:  00:00:06



MUTHEN & MUTHEN
3463 Stoner Ave.
Los Angeles, CA  90066

Tel: (310) 391-9971
Fax: (310) 391-8971
Web: www.StatModel.com
Support: Support@StatModel.com

Copyright (c) 1998-2023 Muthen & Muthen
