Mplus VERSION 8.10 (Mac)
MUTHEN & MUTHEN
07/10/2023   1:35 PM

INPUT INSTRUCTIONS


  TITLE:
  	Y1_EDI
  	;
  	
  DATA:
  	FILE =
  		myDB_230701.csv
  	;

  VARIABLE:
  	NAMES =
  		X_COVD
  		Y1_EDI Y2_ANX Y3_DEP
  		M1_FAM M2_PER
  		C1_SEX C2_AGE
  		;
  	USEVARIABLES =
    		X_COVD
    		Y1_EDI
    		M1_FAM M2_PER
  		C1_SEX C2_AGE
    		;
  	MISSING =	
  		.
  		;
    		    		
  ANALYSIS:
  	TYPE = GENERAL;
  	ESTIMATOR = ML;
  	BOOTSTRAP = 10000;

  OUTPUT:
  	SAMPSTAT STDYX CINT(bcbootstrap)
  	;
  	
  MODEL:
  ! Y ON X + Mediators + Covariates
  	Y1_EDI ON
  		X_COVD
  		M1_FAM M2_PER
  		C1_SEX C2_AGE
  		;
  ! Mediators ON X + Covariates
  	M1_FAM M2_PER ON
  		X_COVD
  		C1_SEX C2_AGE
  		;
  ! COVARIANCES
  	X_COVD WITH C1_SEX;
  	X_COVD WITH C2_AGE;
  	C1_SEX WITH C2_AGE;
  	M2_PER WITH M1_FAM;
  	
  MODEL INDIRECT:
  	Y1_EDI IND M1_FAM X_COVD;
  	Y1_EDI IND M2_PER X_COVD;

  !or just with
  !MODEL INDIRECT:
  	!Y IND X;



INPUT READING TERMINATED NORMALLY




Y1_EDI
;

SUMMARY OF ANALYSIS

Number of groups                                                 1
Number of observations                                         159

Number of dependent variables                                    3
Number of independent variables                                  3
Number of continuous latent variables                            0

Observed dependent variables

  Continuous
   Y1_EDI      M1_FAM      M2_PER

Observed independent variables
   X_COVD      C1_SEX      C2_AGE


Estimator                                                       ML
Information matrix                                        OBSERVED
Maximum number of iterations                                  1000
Convergence criterion                                    0.500D-04
Maximum number of steepest descent iterations                   20
Maximum number of iterations for H1                           2000
Convergence criterion for H1                             0.100D-03
Number of bootstrap draws
    Requested                                                10000
    Completed                                                10000

Input data file(s)
  myDB_230701.csv

Input data format  FREE


SUMMARY OF DATA

     Number of missing data patterns             2


COVARIANCE COVERAGE OF DATA

Minimum covariance coverage value   0.100


     PROPORTION OF DATA PRESENT


           Covariance Coverage
              Y1_EDI        M1_FAM        M2_PER        X_COVD        C1_SEX
              ________      ________      ________      ________      ________
 Y1_EDI         1.000
 M1_FAM         1.000         1.000
 M2_PER         0.774         0.774         0.774
 X_COVD         1.000         1.000         0.774         1.000
 C1_SEX         1.000         1.000         0.774         1.000         1.000
 C2_AGE         1.000         1.000         0.774         1.000         1.000


           Covariance Coverage
              C2_AGE
              ________
 C2_AGE         1.000


SAMPLE STATISTICS


     ESTIMATED SAMPLE STATISTICS


           Means
              Y1_EDI        M1_FAM        M2_PER        X_COVD        C1_SEX
              ________      ________      ________      ________      ________
               64.885        43.706        31.107         0.000         1.522


           Means
              C2_AGE
              ________
               11.964


           Covariances
              Y1_EDI        M1_FAM        M2_PER        X_COVD        C1_SEX
              ________      ________      ________      ________      ________
 Y1_EDI       123.460
 M1_FAM       -50.108        96.836
 M2_PER       -30.061        29.780        58.644
 X_COVD        11.066        -7.208        -9.976        11.680
 C1_SEX         0.815        -0.463         0.346         0.081         0.250
 C2_AGE         0.954        -9.363        -6.026         1.846        -0.202


           Covariances
              C2_AGE
              ________
 C2_AGE        11.260


           Correlations
              Y1_EDI        M1_FAM        M2_PER        X_COVD        C1_SEX
              ________      ________      ________      ________      ________
 Y1_EDI         1.000
 M1_FAM        -0.458         1.000
 M2_PER        -0.353         0.395         1.000
 X_COVD         0.291        -0.214        -0.381         1.000
 C1_SEX         0.147        -0.094         0.090         0.047         1.000
 C2_AGE         0.026        -0.284        -0.234         0.161        -0.121


           Correlations
              C2_AGE
              ________
 C2_AGE         1.000


     MAXIMUM LOG-LIKELIHOOD VALUE FOR THE UNRESTRICTED (H1) MODEL IS -2515.826


UNIVARIATE SAMPLE STATISTICS


     UNIVARIATE HIGHER-ORDER MOMENT DESCRIPTIVE STATISTICS

         Variable/         Mean/     Skewness/   Minimum/ % with                Percentiles
        Sample Size      Variance    Kurtosis    Maximum  Min/Max      20%/60%    40%/80%    Median

     Y1_EDI               64.885      -0.252      39.300    3.77%      55.700     62.500     66.300
             159.000     123.460      -0.310      88.500    1.89%      68.800     74.000
     M1_FAM               43.706       0.231      23.100    0.63%      35.200     40.700     43.000
             159.000      96.836      -0.400      63.100    8.81%      46.100     50.900
     M2_PER               31.341       0.089      15.900    3.25%      24.800     28.400     30.900
             123.000      56.830      -0.720      44.900    0.81%      33.400     37.600
     X_COVD                0.000       0.159      -7.893    0.63%      -2.893     -0.893      0.107
             159.000      11.680      -0.265       8.107    2.52%       1.107      2.107
     C1_SEX                1.522      -0.088       1.000   47.80%       1.000      1.000      2.000
             159.000       0.250      -1.992       2.000   52.20%       2.000      2.000
     C2_AGE               11.964      -0.048       5.100    0.63%       8.600     11.000     11.800
             159.000      11.260      -1.026      17.600    1.26%      12.900     15.500


THE MODEL ESTIMATION TERMINATED NORMALLY

     THE STANDARD ERRORS OF THE MODEL PARAMETER ESTIMATES MAY NOT BE
     TRUSTWORTHY FOR SOME PARAMETERS DUE TO A NON-POSITIVE DEFINITE
     FIRST-ORDER DERIVATIVE PRODUCT MATRIX.  THIS MAY BE DUE TO THE STARTING
     VALUES BUT MAY ALSO BE AN INDICATION OF MODEL NONIDENTIFICATION.  THE
     CONDITION NUMBER IS       0.290D-14.  PROBLEM INVOLVING THE FOLLOWING PARAMETER:
     Parameter 27, C2_AGE




MODEL FIT INFORMATION

Number of Free Parameters                       27

Loglikelihood

          H0 Value                       -2515.826
          H1 Value                       -2515.826

Information Criteria

          Akaike (AIC)                    5085.652
          Bayesian (BIC)                  5168.512
          Sample-Size Adjusted BIC        5083.042
            (n* = (n + 2) / 24)

Chi-Square Test of Model Fit

          Value                              0.000
          Degrees of Freedom                     0
          P-Value                           0.0000

RMSEA (Root Mean Square Error Of Approximation)

          Estimate                           0.000
          90 Percent C.I.                    0.000  0.000
          Probability RMSEA <= .05           0.000

CFI/TLI

          CFI                                1.000
          TLI                                1.000

Chi-Square Test of Model Fit for the Baseline Model

          Value                            111.094
          Degrees of Freedom                    12
          P-Value                           0.0000

SRMR (Standardized Root Mean Square Residual)

          Value                              0.000



MODEL RESULTS

                                                    Two-Tailed
                    Estimate       S.E.  Est./S.E.    P-Value

 Y1_EDI   ON
    X_COVD             0.509      0.271      1.879      0.060
    M1_FAM            -0.430      0.096     -4.490      0.000
    M2_PER            -0.268      0.159     -1.686      0.092
    C1_SEX             2.301      1.499      1.535      0.125
    C2_AGE            -0.459      0.267     -1.716      0.086

 M1_FAM   ON
    X_COVD            -0.475      0.222     -2.136      0.033
    C1_SEX            -2.346      1.469     -1.597      0.110
    C2_AGE            -0.796      0.240     -3.310      0.001

 M2_PER   ON
    X_COVD            -0.803      0.179     -4.486      0.000
    C1_SEX             1.340      1.263      1.061      0.289
    C2_AGE            -0.379      0.187     -2.026      0.043

 X_COVD   WITH
    C1_SEX             0.081      0.135      0.599      0.549
    C2_AGE             1.846      1.003      1.840      0.066

 C1_SEX   WITH
    C2_AGE            -0.202      0.131     -1.544      0.123

 M2_PER   WITH
    M1_FAM            21.057      5.534      3.805      0.000

 Means
    X_COVD             0.000      0.271      0.000      1.000
    C1_SEX             1.522      0.039     38.752      0.000
    C2_AGE            11.964      0.264     45.307      0.000

 Intercepts
    Y1_EDI            94.027      7.438     12.642      0.000
    M1_FAM            56.797      3.722     15.261      0.000
    M2_PER            33.607      3.157     10.644      0.000

 Variances
    X_COVD            11.680      1.219      9.580      0.000
    C1_SEX             0.250      0.003     90.537      0.000
    C2_AGE            11.260      0.873     12.891      0.000

 Residual Variances
    Y1_EDI            86.757     11.457      7.572      0.000
    M1_FAM            84.876      8.979      9.452      0.000
    M2_PER            47.880      5.553      8.623      0.000


STANDARDIZED MODEL RESULTS


STDYX Standardization

                                                    Two-Tailed
                    Estimate       S.E.  Est./S.E.    P-Value

 Y1_EDI   ON
    X_COVD             0.157      0.080      1.968      0.049
    M1_FAM            -0.381      0.083     -4.589      0.000
    M2_PER            -0.185      0.111     -1.672      0.095
    C1_SEX             0.103      0.068      1.522      0.128
    C2_AGE            -0.139      0.081     -1.719      0.086

 M1_FAM   ON
    X_COVD            -0.165      0.076     -2.180      0.029
    C1_SEX            -0.119      0.074     -1.603      0.109
    C2_AGE            -0.271      0.081     -3.367      0.001

 M2_PER   ON
    X_COVD            -0.359      0.077     -4.652      0.000
    C1_SEX             0.087      0.082      1.068      0.286
    C2_AGE            -0.166      0.080     -2.075      0.038

 X_COVD   WITH
    C1_SEX             0.047      0.080      0.596      0.551
    C2_AGE             0.161      0.086      1.877      0.060

 C1_SEX   WITH
    C2_AGE            -0.121      0.078     -1.548      0.122

 M2_PER   WITH
    M1_FAM             0.330      0.076      4.323      0.000

 Means
    X_COVD             0.000      0.080      0.000      1.000
    C1_SEX             3.047      0.091     33.441      0.000
    C2_AGE             3.566      0.167     21.395      0.000

 Intercepts
    Y1_EDI             8.462      0.736     11.491      0.000
    M1_FAM             5.772      0.408     14.141      0.000
    M2_PER             4.388      0.455      9.637      0.000

 Variances
    X_COVD             1.000      0.000    999.000    999.000
    C1_SEX             1.000      0.000    999.000    999.000
    C2_AGE             1.000      0.000    999.000    999.000

 Residual Variances
    Y1_EDI             0.703      0.073      9.561      0.000
    M1_FAM             0.876      0.052     16.853      0.000
    M2_PER             0.816      0.067     12.144      0.000


R-SQUARE

    Observed                                        Two-Tailed
    Variable        Estimate       S.E.  Est./S.E.    P-Value

    Y1_EDI             0.297      0.073      4.045      0.000
    M1_FAM             0.124      0.052      2.375      0.018
    M2_PER             0.184      0.067      2.730      0.006


TOTAL, TOTAL INDIRECT, SPECIFIC INDIRECT, AND DIRECT EFFECTS


                                                    Two-Tailed
                    Estimate       S.E.  Est./S.E.    P-Value

Effects from X_COVD to Y1_EDI

  Sum of indirect      0.420      0.165      2.541      0.011

  Specific indirect 1
    Y1_EDI
    M1_FAM
    X_COVD             0.204      0.115      1.777      0.076

  Specific indirect 2
    Y1_EDI
    M2_PER
    X_COVD             0.215      0.139      1.549      0.121



STANDARDIZED TOTAL, TOTAL INDIRECT, SPECIFIC INDIRECT, AND DIRECT EFFECTS


STDYX Standardization

                                                    Two-Tailed
                    Estimate       S.E.  Est./S.E.    P-Value

Effects from X_COVD to Y1_EDI

  Sum of indirect      0.129      0.050      2.566      0.010

  Specific indirect 1
    Y1_EDI
    M1_FAM
    X_COVD             0.063      0.034      1.830      0.067

  Specific indirect 2
    Y1_EDI
    M2_PER
    X_COVD             0.066      0.043      1.537      0.124




CONFIDENCE INTERVALS OF MODEL RESULTS

                  Lower .5%  Lower 2.5%    Lower 5%    Estimate    Upper 5%  Upper 2.5%   Upper .5%

 Y1_EDI   ON
    X_COVD          -0.155      -0.004       0.075       0.509       0.970       1.060       1.234
    M1_FAM          -0.664      -0.611      -0.583      -0.430      -0.265      -0.235      -0.172
    M2_PER          -0.662      -0.568      -0.525      -0.268      -0.002       0.054       0.151
    C1_SEX          -1.509      -0.702      -0.230       2.301       4.712       5.156       5.999
    C2_AGE          -1.117      -0.962      -0.885      -0.459      -0.006       0.089       0.246

 M1_FAM   ON
    X_COVD          -1.043      -0.909      -0.834      -0.475      -0.104      -0.029       0.106
    C1_SEX          -6.118      -5.248      -4.734      -2.346       0.072       0.531       1.581
    C2_AGE          -1.410      -1.245      -1.172      -0.796      -0.380      -0.296      -0.150

 M2_PER   ON
    X_COVD          -1.244      -1.131      -1.084      -0.803      -0.494      -0.436      -0.314
    C1_SEX          -1.955      -1.139      -0.768       1.340       3.377       3.781       4.547
    C2_AGE          -0.868      -0.751      -0.691      -0.379      -0.066      -0.012       0.105

 X_COVD   WITH
    C1_SEX          -0.261      -0.180      -0.139       0.081       0.309       0.349       0.434
    C2_AGE          -0.681      -0.103       0.247       1.846       3.528       3.851       4.436

 C1_SEX   WITH
    C2_AGE          -0.555      -0.464      -0.424      -0.202       0.010       0.046       0.134

 M2_PER   WITH
    M1_FAM           7.690      10.878      12.552      21.057      30.806      32.649      36.263

 Means
    X_COVD          -0.692      -0.509      -0.428       0.000       0.459       0.547       0.717
    C1_SEX           1.415       1.447       1.459       1.522       1.585       1.597       1.623
    C2_AGE          11.289      11.447      11.533      11.964      12.403      12.486      12.621

 Intercepts
    Y1_EDI          73.116      78.288      80.883      94.027     105.373     107.212     111.496
    M1_FAM          47.088      49.427      50.743      56.797      62.888      64.179      66.475
    M2_PER          25.405      27.409      28.399      33.607      38.762      39.796      41.773

 Variances
    X_COVD           8.819       9.495       9.884      11.680      13.881      14.291      15.188
    C1_SEX           0.240       0.245       0.246       0.250       0.250       0.250       0.250
    C2_AGE           9.150       9.628       9.920      11.260      12.802      13.092      13.684

 Residual Variances
    Y1_EDI          62.228      68.817      72.019      86.757     111.288     115.106     121.696
    M1_FAM          64.920      69.810      72.556      84.876     102.641     105.550     111.424
    M2_PER          35.527      38.500      40.257      47.880      58.870      60.641      64.405


CONFIDENCE INTERVALS OF STANDARDIZED MODEL RESULTS


STDYX Standardization

                  Lower .5%  Lower 2.5%    Lower 5%    Estimate    Upper 5%  Upper 2.5%   Upper .5%

 Y1_EDI   ON
    X_COVD          -0.050      -0.002       0.023       0.157       0.286       0.311       0.353
    M1_FAM          -0.579      -0.533      -0.511      -0.381      -0.237      -0.210      -0.152
    M2_PER          -0.461      -0.395      -0.364      -0.185       0.001       0.039       0.108
    C1_SEX          -0.068      -0.032      -0.011       0.103       0.213       0.235       0.273
    C2_AGE          -0.334      -0.289      -0.265      -0.139       0.000       0.029       0.073

 M1_FAM   ON
    X_COVD          -0.353      -0.309      -0.285      -0.165      -0.036      -0.011       0.037
    C1_SEX          -0.305      -0.262      -0.238      -0.119       0.005       0.028       0.083
    C2_AGE          -0.468      -0.420      -0.396      -0.271      -0.131      -0.103      -0.053

 M2_PER   ON
    X_COVD          -0.534      -0.494      -0.474      -0.359      -0.220      -0.194      -0.140
    C1_SEX          -0.127      -0.075      -0.051       0.087       0.219       0.243       0.293
    C2_AGE          -0.365      -0.320      -0.295      -0.166      -0.028      -0.004       0.049

 X_COVD   WITH
    C1_SEX          -0.154      -0.107      -0.083       0.047       0.180       0.204       0.250
    C2_AGE          -0.068      -0.015       0.016       0.161       0.297       0.324       0.374

 C1_SEX   WITH
    C2_AGE          -0.322      -0.274      -0.249      -0.121       0.008       0.030       0.082

 M2_PER   WITH
    M1_FAM           0.114       0.167       0.193       0.330       0.446       0.466       0.505

 Means
    X_COVD          -0.210      -0.152      -0.127       0.000       0.134       0.158       0.214
    C1_SEX           2.872       2.910       2.928       3.047       3.217       3.257       3.348
    C2_AGE           3.175       3.258       3.302       3.566       3.842       3.903       4.022

 Intercepts
    Y1_EDI           6.334       6.846       7.115       8.462       9.564       9.795      10.254
    M1_FAM           4.620       4.949       5.067       5.772       6.408       6.534       6.773
    M2_PER           3.198       3.483       3.620       4.388       5.109       5.266       5.552

 Variances
    X_COVD           1.000       1.000       1.000       1.000       1.000       1.000       1.000
    C1_SEX           1.000       1.000       1.000       1.000       1.000       1.000       1.000
    C2_AGE           1.000       1.000       1.000       1.000       1.000       1.000       1.000

 Residual Variances
    Y1_EDI           0.529       0.576       0.600       0.703       0.835       0.850       0.884
    M1_FAM           0.737       0.778       0.798       0.876       0.955       0.966       0.980
    M2_PER           0.642       0.690       0.714       0.816       0.925       0.939       0.965


CONFIDENCE INTERVALS OF TOTAL, TOTAL INDIRECT, SPECIFIC INDIRECT, AND DIRECT EFFECTS


                  Lower .5%  Lower 2.5%    Lower 5%    Estimate    Upper 5%  Upper 2.5%   Upper .5%

Effects from X_COVD to Y1_EDI

  Sum of indirect    0.029       0.126       0.170       0.420       0.718       0.777       0.915

  Specific indirect 1
    Y1_EDI
    M1_FAM
    X_COVD          -0.031       0.024       0.049       0.204       0.430       0.478       0.572

  Specific indirect 2
    Y1_EDI
    M2_PER
    X_COVD          -0.103      -0.015       0.026       0.215       0.493       0.549       0.696



CONFIDENCE INTERVALS OF STANDARDIZED TOTAL, TOTAL INDIRECT, SPECIFIC INDIRECT, AND DIRECT EFFECTS


STDYX Standardization

                  Lower .5%  Lower 2.5%    Lower 5%    Estimate    Upper 5%  Upper 2.5%   Upper .5%

Effects from X_COVD to Y1_EDI

  Sum of indirect    0.008       0.038       0.052       0.129       0.219       0.238       0.274

  Specific indirect 1
    Y1_EDI
    M1_FAM
    X_COVD          -0.010       0.007       0.015       0.063       0.130       0.143       0.169

  Specific indirect 2
    Y1_EDI
    M2_PER
    X_COVD          -0.032      -0.005       0.007       0.066       0.152       0.171       0.212




TECHNICAL 1 OUTPUT


     PARAMETER SPECIFICATION


           NU
              Y1_EDI        M1_FAM        M2_PER        X_COVD        C1_SEX
              ________      ________      ________      ________      ________
                  0             0             0             0             0


           NU
              C2_AGE
              ________
                  0


           LAMBDA
              Y1_EDI        M1_FAM        M2_PER        X_COVD        C1_SEX
              ________      ________      ________      ________      ________
 Y1_EDI             0             0             0             0             0
 M1_FAM             0             0             0             0             0
 M2_PER             0             0             0             0             0
 X_COVD             0             0             0             0             0
 C1_SEX             0             0             0             0             0
 C2_AGE             0             0             0             0             0


           LAMBDA
              C2_AGE
              ________
 Y1_EDI             0
 M1_FAM             0
 M2_PER             0
 X_COVD             0
 C1_SEX             0
 C2_AGE             0


           THETA
              Y1_EDI        M1_FAM        M2_PER        X_COVD        C1_SEX
              ________      ________      ________      ________      ________
 Y1_EDI             0
 M1_FAM             0             0
 M2_PER             0             0             0
 X_COVD             0             0             0             0
 C1_SEX             0             0             0             0             0
 C2_AGE             0             0             0             0             0


           THETA
              C2_AGE
              ________
 C2_AGE             0


           ALPHA
              Y1_EDI        M1_FAM        M2_PER        X_COVD        C1_SEX
              ________      ________      ________      ________      ________
                  1             2             3             4             5


           ALPHA
              C2_AGE
              ________
                  6


           BETA
              Y1_EDI        M1_FAM        M2_PER        X_COVD        C1_SEX
              ________      ________      ________      ________      ________
 Y1_EDI             0             7             8             9            10
 M1_FAM             0             0             0            12            13
 M2_PER             0             0             0            15            16
 X_COVD             0             0             0             0             0
 C1_SEX             0             0             0             0             0
 C2_AGE             0             0             0             0             0


           BETA
              C2_AGE
              ________
 Y1_EDI            11
 M1_FAM            14
 M2_PER            17
 X_COVD             0
 C1_SEX             0
 C2_AGE             0


           PSI
              Y1_EDI        M1_FAM        M2_PER        X_COVD        C1_SEX
              ________      ________      ________      ________      ________
 Y1_EDI            18
 M1_FAM             0            19
 M2_PER             0            20            21
 X_COVD             0             0             0            22
 C1_SEX             0             0             0            23            24
 C2_AGE             0             0             0            25            26


           PSI
              C2_AGE
              ________
 C2_AGE            27


     STARTING VALUES


           NU
              Y1_EDI        M1_FAM        M2_PER        X_COVD        C1_SEX
              ________      ________      ________      ________      ________
                0.000         0.000         0.000         0.000         0.000


           NU
              C2_AGE
              ________
                0.000


           LAMBDA
              Y1_EDI        M1_FAM        M2_PER        X_COVD        C1_SEX
              ________      ________      ________      ________      ________
 Y1_EDI         1.000         0.000         0.000         0.000         0.000
 M1_FAM         0.000         1.000         0.000         0.000         0.000
 M2_PER         0.000         0.000         1.000         0.000         0.000
 X_COVD         0.000         0.000         0.000         1.000         0.000
 C1_SEX         0.000         0.000         0.000         0.000         1.000
 C2_AGE         0.000         0.000         0.000         0.000         0.000


           LAMBDA
              C2_AGE
              ________
 Y1_EDI         0.000
 M1_FAM         0.000
 M2_PER         0.000
 X_COVD         0.000
 C1_SEX         0.000
 C2_AGE         1.000


           THETA
              Y1_EDI        M1_FAM        M2_PER        X_COVD        C1_SEX
              ________      ________      ________      ________      ________
 Y1_EDI         0.000
 M1_FAM         0.000         0.000
 M2_PER         0.000         0.000         0.000
 X_COVD         0.000         0.000         0.000         0.000
 C1_SEX         0.000         0.000         0.000         0.000         0.000
 C2_AGE         0.000         0.000         0.000         0.000         0.000


           THETA
              C2_AGE
              ________
 C2_AGE         0.000


           ALPHA
              Y1_EDI        M1_FAM        M2_PER        X_COVD        C1_SEX
              ________      ________      ________      ________      ________
               64.885        43.706        31.341         0.000         1.522


           ALPHA
              C2_AGE
              ________
               11.964


           BETA
              Y1_EDI        M1_FAM        M2_PER        X_COVD        C1_SEX
              ________      ________      ________      ________      ________
 Y1_EDI         0.000         0.000         0.000         0.000         0.000
 M1_FAM         0.000         0.000         0.000         0.000         0.000
 M2_PER         0.000         0.000         0.000         0.000         0.000
 X_COVD         0.000         0.000         0.000         0.000         0.000
 C1_SEX         0.000         0.000         0.000         0.000         0.000
 C2_AGE         0.000         0.000         0.000         0.000         0.000


           BETA
              C2_AGE
              ________
 Y1_EDI         0.000
 M1_FAM         0.000
 M2_PER         0.000
 X_COVD         0.000
 C1_SEX         0.000
 C2_AGE         0.000


           PSI
              Y1_EDI        M1_FAM        M2_PER        X_COVD        C1_SEX
              ________      ________      ________      ________      ________
 Y1_EDI        61.730
 M1_FAM         0.000        48.418
 M2_PER         0.000         0.000        28.415
 X_COVD         0.000         0.000         0.000         5.840
 C1_SEX         0.000         0.000         0.000         0.000         0.125
 C2_AGE         0.000         0.000         0.000         0.000         0.000


           PSI
              C2_AGE
              ________
 C2_AGE         5.630


     Beginning Time:  13:35:51
        Ending Time:  13:35:59
       Elapsed Time:  00:00:08



MUTHEN & MUTHEN
3463 Stoner Ave.
Los Angeles, CA  90066

Tel: (310) 391-9971
Fax: (310) 391-8971
Web: www.StatModel.com
Support: Support@StatModel.com

Copyright (c) 1998-2023 Muthen & Muthen
