Mplus VERSION 8.10 (Mac)
MUTHEN & MUTHEN
07/03/2023   6:24 PM

INPUT INSTRUCTIONS


  TITLE:
  	Y2_ANX
  	;
  	
  DATA:
  	FILE =
  		myDB_230701.csv
  	;

  VARIABLE:
  	NAMES =
  		X_COVD
  		Y1_EDI Y2_ANX Y3_DEP
  		M1_FAM M2_PER
  		C1_SEX C2_AGE
  		;
  	USEVARIABLES =
    		X_COVD
    		Y2_ANX
    		M1_FAM M2_PER
  		C1_SEX C2_AGE
    		;
  	MISSING =	
  		.
  		;
    		    		
  ANALYSIS:
  	TYPE = GENERAL;
  	ESTIMATOR = ML;
  	BOOTSTRAP = 10000;

  OUTPUT:
  	SAMPSTAT STDYX CINT(bcbootstrap)
  	;
  	
  MODEL:
  ! Y ON X + Mediators + Covariates
  	Y2_ANX ON
  		X_COVD
  		M1_FAM M2_PER
  		C1_SEX C2_AGE
  		;
  ! Mediators ON X + Covariates
  	M1_FAM M2_PER ON
  		X_COVD
  		C1_SEX C2_AGE
  		;
  ! COVARIANCES
  	X_COVD WITH C1_SEX;
  	X_COVD WITH C2_AGE;
  	C1_SEX WITH C2_AGE;
  	M2_PER WITH M1_FAM;
  	
  MODEL INDIRECT:
  	Y2_ANX IND M1_FAM X_COVD;
  	Y2_ANX IND M2_PER X_COVD;

  !or just with
  !MODEL INDIRECT:
  	!Y IND X;



INPUT READING TERMINATED NORMALLY




Y2_ANX
;

SUMMARY OF ANALYSIS

Number of groups                                                 1
Number of observations                                         159

Number of dependent variables                                    3
Number of independent variables                                  3
Number of continuous latent variables                            0

Observed dependent variables

  Continuous
   Y2_ANX      M1_FAM      M2_PER

Observed independent variables
   X_COVD      C1_SEX      C2_AGE


Estimator                                                       ML
Information matrix                                        OBSERVED
Maximum number of iterations                                  1000
Convergence criterion                                    0.500D-04
Maximum number of steepest descent iterations                   20
Maximum number of iterations for H1                           2000
Convergence criterion for H1                             0.100D-03
Number of bootstrap draws
    Requested                                                10000
    Completed                                                10000

Input data file(s)
  myDB_230701.csv

Input data format  FREE


SUMMARY OF DATA

     Number of missing data patterns             2


COVARIANCE COVERAGE OF DATA

Minimum covariance coverage value   0.100


     PROPORTION OF DATA PRESENT


           Covariance Coverage
              Y2_ANX        M1_FAM        M2_PER        X_COVD        C1_SEX
              ________      ________      ________      ________      ________
 Y2_ANX         1.000
 M1_FAM         1.000         1.000
 M2_PER         0.774         0.774         0.774
 X_COVD         1.000         1.000         0.774         1.000
 C1_SEX         1.000         1.000         0.774         1.000         1.000
 C2_AGE         1.000         1.000         0.774         1.000         1.000


           Covariance Coverage
              C2_AGE
              ________
 C2_AGE         1.000


SAMPLE STATISTICS


     ESTIMATED SAMPLE STATISTICS


           Means
              Y2_ANX        M1_FAM        M2_PER        X_COVD        C1_SEX
              ________      ________      ________      ________      ________
                0.000         0.000        -0.236         0.000         1.522


           Means
              C2_AGE
              ________
               11.964


           Covariances
              Y2_ANX        M1_FAM        M2_PER        X_COVD        C1_SEX
              ________      ________      ________      ________      ________
 Y2_ANX       116.443
 M1_FAM       -27.984        96.836
 M2_PER       -20.786        31.048        58.400
 X_COVD         5.781        -7.208        -9.732        11.680
 C1_SEX        -0.456        -0.463         0.306         0.081         0.250
 C2_AGE         5.162        -9.363        -5.753         1.846        -0.202


           Covariances
              C2_AGE
              ________
 C2_AGE        11.260


           Correlations
              Y2_ANX        M1_FAM        M2_PER        X_COVD        C1_SEX
              ________      ________      ________      ________      ________
 Y2_ANX         1.000
 M1_FAM        -0.264         1.000
 M2_PER        -0.252         0.413         1.000
 X_COVD         0.157        -0.214        -0.373         1.000
 C1_SEX        -0.085        -0.094         0.080         0.047         1.000
 C2_AGE         0.143        -0.284        -0.224         0.161        -0.121


           Correlations
              C2_AGE
              ________
 C2_AGE         1.000


     MAXIMUM LOG-LIKELIHOOD VALUE FOR THE UNRESTRICTED (H1) MODEL IS -2529.346


UNIVARIATE SAMPLE STATISTICS


     UNIVARIATE HIGHER-ORDER MOMENT DESCRIPTIVE STATISTICS

         Variable/         Mean/     Skewness/   Minimum/ % with                Percentiles
        Sample Size      Variance    Kurtosis    Maximum  Min/Max      20%/60%    40%/80%    Median

     Y2_ANX                0.000      -0.138     -24.101    4.40%      -8.601     -2.101      0.499
             159.000     116.443      -0.073      26.099    0.63%       2.699      7.999
     M1_FAM                0.000       0.231     -20.606    0.63%      -8.506     -3.006     -0.706
             159.000      96.836      -0.400      19.394    8.81%       2.394      7.194
     M2_PER                0.000       0.089     -15.441    3.25%      -6.541     -2.941     -0.441
             123.000      56.830      -0.720      13.559    0.81%       2.059      6.259
     X_COVD                0.000       0.159      -7.893    0.63%      -2.893     -0.893      0.107
             159.000      11.680      -0.265       8.107    2.52%       1.107      2.107
     C1_SEX                1.522      -0.088       1.000   47.80%       1.000      1.000      2.000
             159.000       0.250      -1.992       2.000   52.20%       2.000      2.000
     C2_AGE               11.964      -0.048       5.100    0.63%       8.600     11.000     11.800
             159.000      11.260      -1.026      17.600    1.26%      12.900     15.500


THE MODEL ESTIMATION TERMINATED NORMALLY

     THE STANDARD ERRORS OF THE MODEL PARAMETER ESTIMATES MAY NOT BE
     TRUSTWORTHY FOR SOME PARAMETERS DUE TO A NON-POSITIVE DEFINITE
     FIRST-ORDER DERIVATIVE PRODUCT MATRIX.  THIS MAY BE DUE TO THE STARTING
     VALUES BUT MAY ALSO BE AN INDICATION OF MODEL NONIDENTIFICATION.  THE
     CONDITION NUMBER IS       0.882D-10.  PROBLEM INVOLVING THE FOLLOWING PARAMETER:
     Parameter 27, C2_AGE




MODEL FIT INFORMATION

Number of Free Parameters                       27

Loglikelihood

          H0 Value                       -2529.346
          H1 Value                       -2529.346

Information Criteria

          Akaike (AIC)                    5112.692
          Bayesian (BIC)                  5195.553
          Sample-Size Adjusted BIC        5110.083
            (n* = (n + 2) / 24)

Chi-Square Test of Model Fit

          Value                              0.000
          Degrees of Freedom                     0
          P-Value                           0.0000

RMSEA (Root Mean Square Error Of Approximation)

          Estimate                           0.000
          90 Percent C.I.                    0.000  0.000
          Probability RMSEA <= .05           0.000

CFI/TLI

          CFI                                1.000
          TLI                                1.000

Chi-Square Test of Model Fit for the Baseline Model

          Value                             74.750
          Degrees of Freedom                    12
          P-Value                           0.0000

SRMR (Standardized Root Mean Square Residual)

          Value                              0.000



MODEL RESULTS

                                                    Two-Tailed
                    Estimate       S.E.  Est./S.E.    P-Value

 Y2_ANX   ON
    X_COVD             0.203      0.267      0.761      0.447
    M1_FAM            -0.212      0.105     -2.009      0.045
    M2_PER            -0.188      0.138     -1.358      0.174
    C1_SEX            -1.960      1.718     -1.141      0.254
    C2_AGE             0.118      0.290      0.407      0.684

 M1_FAM   ON
    X_COVD            -0.475      0.222     -2.136      0.033
    C1_SEX            -2.346      1.469     -1.597      0.110
    C2_AGE            -0.796      0.240     -3.310      0.001

 M2_PER   ON
    X_COVD            -0.784      0.183     -4.296      0.000
    C1_SEX             1.188      1.265      0.939      0.348
    C2_AGE            -0.361      0.191     -1.891      0.059

 X_COVD   WITH
    C1_SEX             0.081      0.135      0.599      0.549
    C2_AGE             1.846      1.003      1.840      0.066

 C1_SEX   WITH
    C2_AGE            -0.202      0.131     -1.544      0.123

 M2_PER   WITH
    M1_FAM            22.563      5.530      4.080      0.000

 Means
    X_COVD             0.000      0.271      0.000      1.000
    C1_SEX             1.522      0.039     38.752      0.000
    C2_AGE            11.964      0.264     45.308      0.000

 Intercepts
    Y2_ANX             1.526      4.859      0.314      0.754
    M1_FAM            13.092      3.722      3.518      0.000
    M2_PER             2.275      3.146      0.723      0.470

 Variances
    X_COVD            11.680      1.219      9.580      0.000
    C1_SEX             0.250      0.003     90.533      0.000
    C2_AGE            11.260      0.873     12.891      0.000

 Residual Variances
    Y2_ANX           103.947     12.326      8.433      0.000
    M1_FAM            84.876      8.979      9.452      0.000
    M2_PER            48.324      5.600      8.629      0.000


STANDARDIZED MODEL RESULTS


STDYX Standardization

                                                    Two-Tailed
                    Estimate       S.E.  Est./S.E.    P-Value

 Y2_ANX   ON
    X_COVD             0.064      0.084      0.761      0.447
    M1_FAM            -0.193      0.095     -2.039      0.041
    M2_PER            -0.133      0.096     -1.385      0.166
    C1_SEX            -0.091      0.080     -1.134      0.257
    C2_AGE             0.037      0.090      0.408      0.683

 M1_FAM   ON
    X_COVD            -0.165      0.076     -2.181      0.029
    C1_SEX            -0.119      0.074     -1.603      0.109
    C2_AGE            -0.271      0.081     -3.367      0.001

 M2_PER   ON
    X_COVD            -0.351      0.079     -4.439      0.000
    C1_SEX             0.078      0.082      0.942      0.346
    C2_AGE            -0.159      0.082     -1.935      0.053

 X_COVD   WITH
    C1_SEX             0.047      0.080      0.596      0.551
    C2_AGE             0.161      0.086      1.877      0.060

 C1_SEX   WITH
    C2_AGE            -0.121      0.078     -1.548      0.122

 M2_PER   WITH
    M1_FAM             0.352      0.073      4.807      0.000

 Means
    X_COVD             0.000      0.080      0.000      1.000
    C1_SEX             3.047      0.091     33.441      0.000
    C2_AGE             3.566      0.167     21.395      0.000

 Intercepts
    Y2_ANX             0.141      0.454      0.311      0.755
    M1_FAM             1.330      0.366      3.636      0.000
    M2_PER             0.298      0.412      0.723      0.470

 Variances
    X_COVD             1.000      0.000    999.000    999.000
    C1_SEX             1.000      0.000    999.000    999.000
    C2_AGE             1.000      0.000    999.000    999.000

 Residual Variances
    Y2_ANX             0.893      0.049     18.367      0.000
    M1_FAM             0.876      0.052     16.853      0.000
    M2_PER             0.827      0.068     12.124      0.000


R-SQUARE

    Observed                                        Two-Tailed
    Variable        Estimate       S.E.  Est./S.E.    P-Value

    Y2_ANX             0.107      0.049      2.208      0.027
    M1_FAM             0.124      0.052      2.375      0.018
    M2_PER             0.173      0.068      2.527      0.011


TOTAL, TOTAL INDIRECT, SPECIFIC INDIRECT, AND DIRECT EFFECTS


                                                    Two-Tailed
                    Estimate       S.E.  Est./S.E.    P-Value

Effects from X_COVD to Y2_ANX

  Sum of indirect      0.248      0.130      1.910      0.056

  Specific indirect 1
    Y2_ANX
    M1_FAM
    X_COVD             0.101      0.076      1.315      0.189

  Specific indirect 2
    Y2_ANX
    M2_PER
    X_COVD             0.147      0.119      1.239      0.215



STANDARDIZED TOTAL, TOTAL INDIRECT, SPECIFIC INDIRECT, AND DIRECT EFFECTS


STDYX Standardization

                                                    Two-Tailed
                    Estimate       S.E.  Est./S.E.    P-Value

Effects from X_COVD to Y2_ANX

  Sum of indirect      0.078      0.040      1.947      0.052

  Specific indirect 1
    Y2_ANX
    M1_FAM
    X_COVD             0.032      0.024      1.322      0.186

  Specific indirect 2
    Y2_ANX
    M2_PER
    X_COVD             0.047      0.037      1.255      0.209




CONFIDENCE INTERVALS OF MODEL RESULTS

                  Lower .5%  Lower 2.5%    Lower 5%    Estimate    Upper 5%  Upper 2.5%   Upper .5%

 Y2_ANX   ON
    X_COVD          -0.524      -0.345      -0.257       0.203       0.621       0.704       0.849
    M1_FAM          -0.483      -0.417      -0.385      -0.212      -0.037      -0.006       0.058
    M2_PER          -0.557      -0.462      -0.416      -0.188       0.038       0.080       0.183
    C1_SEX          -6.246      -5.286      -4.749      -1.960       0.926       1.479       2.481
    C2_AGE          -0.621      -0.452      -0.362       0.118       0.592       0.688       0.868

 M1_FAM   ON
    X_COVD          -1.043      -0.909      -0.834      -0.475      -0.104      -0.029       0.106
    C1_SEX          -6.118      -5.248      -4.734      -2.346       0.068       0.531       1.580
    C2_AGE          -1.410      -1.245      -1.172      -0.796      -0.380      -0.296      -0.150

 M2_PER   ON
    X_COVD          -1.221      -1.119      -1.068      -0.784      -0.464      -0.410      -0.283
    C1_SEX          -2.121      -1.305      -0.937       1.188       3.237       3.573       4.386
    C2_AGE          -0.851      -0.735      -0.673      -0.361      -0.040       0.018       0.143

 X_COVD   WITH
    C1_SEX          -0.261      -0.180      -0.139       0.081       0.309       0.349       0.434
    C2_AGE          -0.681      -0.102       0.247       1.846       3.528       3.851       4.437

 C1_SEX   WITH
    C2_AGE          -0.555      -0.464      -0.424      -0.202       0.010       0.046       0.134

 M2_PER   WITH
    M1_FAM           9.199      12.496      14.169      22.563      32.486      34.149      37.764

 Means
    X_COVD          -0.692      -0.509      -0.428       0.000       0.459       0.547       0.711
    C1_SEX           1.415       1.447       1.459       1.522       1.585       1.597       1.623
    C2_AGE          11.289      11.447      11.533      11.964      12.403      12.486      12.621

 Intercepts
    Y2_ANX         -11.575      -8.328      -6.603       1.526       9.350      10.678      13.485
    M1_FAM           3.381       5.721       7.038      13.092      19.181      20.473      22.768
    M2_PER          -5.762      -3.870      -2.959       2.275       7.392       8.538      10.406

 Variances
    X_COVD           8.819       9.495       9.884      11.680      13.880      14.291      15.187
    C1_SEX           0.239       0.243       0.245       0.250       0.250       0.250       0.250
    C2_AGE           9.150       9.628       9.921      11.260      12.801      13.092      13.683

 Residual Variances
    Y2_ANX          78.008      84.673      88.125     103.947     130.327     135.226     144.151
    M1_FAM          64.914      69.806      72.554      84.876     102.618     105.551     111.419
    M2_PER          35.898      38.953      40.714      48.324      59.480      61.506      65.012


CONFIDENCE INTERVALS OF STANDARDIZED MODEL RESULTS


STDYX Standardization

                  Lower .5%  Lower 2.5%    Lower 5%    Estimate    Upper 5%  Upper 2.5%   Upper .5%

 Y2_ANX   ON
    X_COVD          -0.163      -0.107      -0.079       0.064       0.198       0.222       0.271
    M1_FAM          -0.430      -0.373      -0.347      -0.193      -0.035      -0.006       0.052
    M2_PER          -0.373      -0.316      -0.287      -0.133       0.030       0.061       0.134
    C1_SEX          -0.293      -0.246      -0.220      -0.091       0.043       0.067       0.114
    C2_AGE          -0.200      -0.140      -0.114       0.037       0.182       0.210       0.262

 M1_FAM   ON
    X_COVD          -0.353      -0.309      -0.285      -0.165      -0.036      -0.011       0.037
    C1_SEX          -0.305      -0.262      -0.238      -0.119       0.005       0.028       0.083
    C2_AGE          -0.468      -0.420      -0.396      -0.271      -0.131      -0.103      -0.053

 M2_PER   ON
    X_COVD          -0.528      -0.490      -0.468      -0.351      -0.208      -0.182      -0.127
    C1_SEX          -0.139      -0.086      -0.061       0.078       0.210       0.234       0.283
    C2_AGE          -0.362      -0.317      -0.290      -0.159      -0.018       0.009       0.066

 X_COVD   WITH
    C1_SEX          -0.154      -0.107      -0.083       0.047       0.180       0.204       0.250
    C2_AGE          -0.068      -0.015       0.016       0.161       0.297       0.324       0.374

 C1_SEX   WITH
    C2_AGE          -0.322      -0.274      -0.249      -0.121       0.008       0.030       0.082

 M2_PER   WITH
    M1_FAM           0.141       0.194       0.221       0.352       0.462       0.482       0.517

 Means
    X_COVD          -0.210      -0.152      -0.127       0.000       0.134       0.158       0.213
    C1_SEX           2.879       2.910       2.928       3.047       3.237       3.279       3.348
    C2_AGE           3.175       3.258       3.302       3.566       3.842       3.903       4.022

 Intercepts
    Y2_ANX          -1.034      -0.754      -0.607       0.141       0.883       1.037       1.303
    M1_FAM           0.317       0.577       0.709       1.330       1.912       2.030       2.228
    M2_PER          -0.775      -0.524      -0.394       0.298       0.965       1.098       1.346

 Variances
    X_COVD           1.000       1.000       1.000       1.000       1.000       1.000       1.000
    C1_SEX           1.000       1.000       1.000       1.000       1.000       1.000       1.000
    C2_AGE           1.000       1.000       1.000       1.000       1.000       1.000       1.000

 Residual Variances
    Y2_ANX           0.789       0.823       0.839       0.893       0.968       0.973       0.980
    M1_FAM           0.737       0.778       0.797       0.876       0.955       0.966       0.980
    M2_PER           0.650       0.698       0.723       0.827       0.935       0.950       0.972


CONFIDENCE INTERVALS OF TOTAL, TOTAL INDIRECT, SPECIFIC INDIRECT, AND DIRECT EFFECTS


                  Lower .5%  Lower 2.5%    Lower 5%    Estimate    Upper 5%  Upper 2.5%   Upper .5%

Effects from X_COVD to Y2_ANX

  Sum of indirect   -0.035       0.034       0.068       0.248       0.492       0.546       0.646

  Specific indirect 1
    Y2_ANX
    M1_FAM
    X_COVD          -0.020       0.003       0.015       0.101       0.275       0.316       0.399

  Specific indirect 2
    Y2_ANX
    M2_PER
    X_COVD          -0.121      -0.044      -0.011       0.147       0.381       0.433       0.548



CONFIDENCE INTERVALS OF STANDARDIZED TOTAL, TOTAL INDIRECT, SPECIFIC INDIRECT, AND DIRECT EFFECTS


STDYX Standardization

                  Lower .5%  Lower 2.5%    Lower 5%    Estimate    Upper 5%  Upper 2.5%   Upper .5%

Effects from X_COVD to Y2_ANX

  Sum of indirect   -0.011       0.011       0.021       0.078       0.154       0.169       0.199

  Specific indirect 1
    Y2_ANX
    M1_FAM
    X_COVD          -0.006       0.001       0.004       0.032       0.087       0.100       0.128

  Specific indirect 2
    Y2_ANX
    M2_PER
    X_COVD          -0.039      -0.015      -0.004       0.047       0.119       0.135       0.166




TECHNICAL 1 OUTPUT


     PARAMETER SPECIFICATION


           NU
              Y2_ANX        M1_FAM        M2_PER        X_COVD        C1_SEX
              ________      ________      ________      ________      ________
                  0             0             0             0             0


           NU
              C2_AGE
              ________
                  0


           LAMBDA
              Y2_ANX        M1_FAM        M2_PER        X_COVD        C1_SEX
              ________      ________      ________      ________      ________
 Y2_ANX             0             0             0             0             0
 M1_FAM             0             0             0             0             0
 M2_PER             0             0             0             0             0
 X_COVD             0             0             0             0             0
 C1_SEX             0             0             0             0             0
 C2_AGE             0             0             0             0             0


           LAMBDA
              C2_AGE
              ________
 Y2_ANX             0
 M1_FAM             0
 M2_PER             0
 X_COVD             0
 C1_SEX             0
 C2_AGE             0


           THETA
              Y2_ANX        M1_FAM        M2_PER        X_COVD        C1_SEX
              ________      ________      ________      ________      ________
 Y2_ANX             0
 M1_FAM             0             0
 M2_PER             0             0             0
 X_COVD             0             0             0             0
 C1_SEX             0             0             0             0             0
 C2_AGE             0             0             0             0             0


           THETA
              C2_AGE
              ________
 C2_AGE             0


           ALPHA
              Y2_ANX        M1_FAM        M2_PER        X_COVD        C1_SEX
              ________      ________      ________      ________      ________
                  1             2             3             4             5


           ALPHA
              C2_AGE
              ________
                  6


           BETA
              Y2_ANX        M1_FAM        M2_PER        X_COVD        C1_SEX
              ________      ________      ________      ________      ________
 Y2_ANX             0             7             8             9            10
 M1_FAM             0             0             0            12            13
 M2_PER             0             0             0            15            16
 X_COVD             0             0             0             0             0
 C1_SEX             0             0             0             0             0
 C2_AGE             0             0             0             0             0


           BETA
              C2_AGE
              ________
 Y2_ANX            11
 M1_FAM            14
 M2_PER            17
 X_COVD             0
 C1_SEX             0
 C2_AGE             0


           PSI
              Y2_ANX        M1_FAM        M2_PER        X_COVD        C1_SEX
              ________      ________      ________      ________      ________
 Y2_ANX            18
 M1_FAM             0            19
 M2_PER             0            20            21
 X_COVD             0             0             0            22
 C1_SEX             0             0             0            23            24
 C2_AGE             0             0             0            25            26


           PSI
              C2_AGE
              ________
 C2_AGE            27


     STARTING VALUES


           NU
              Y2_ANX        M1_FAM        M2_PER        X_COVD        C1_SEX
              ________      ________      ________      ________      ________
                0.000         0.000         0.000         0.000         0.000


           NU
              C2_AGE
              ________
                0.000


           LAMBDA
              Y2_ANX        M1_FAM        M2_PER        X_COVD        C1_SEX
              ________      ________      ________      ________      ________
 Y2_ANX         1.000         0.000         0.000         0.000         0.000
 M1_FAM         0.000         1.000         0.000         0.000         0.000
 M2_PER         0.000         0.000         1.000         0.000         0.000
 X_COVD         0.000         0.000         0.000         1.000         0.000
 C1_SEX         0.000         0.000         0.000         0.000         1.000
 C2_AGE         0.000         0.000         0.000         0.000         0.000


           LAMBDA
              C2_AGE
              ________
 Y2_ANX         0.000
 M1_FAM         0.000
 M2_PER         0.000
 X_COVD         0.000
 C1_SEX         0.000
 C2_AGE         1.000


           THETA
              Y2_ANX        M1_FAM        M2_PER        X_COVD        C1_SEX
              ________      ________      ________      ________      ________
 Y2_ANX         0.000
 M1_FAM         0.000         0.000
 M2_PER         0.000         0.000         0.000
 X_COVD         0.000         0.000         0.000         0.000
 C1_SEX         0.000         0.000         0.000         0.000         0.000
 C2_AGE         0.000         0.000         0.000         0.000         0.000


           THETA
              C2_AGE
              ________
 C2_AGE         0.000


           ALPHA
              Y2_ANX        M1_FAM        M2_PER        X_COVD        C1_SEX
              ________      ________      ________      ________      ________
                0.000         0.000         0.000         0.000         1.522


           ALPHA
              C2_AGE
              ________
               11.964


           BETA
              Y2_ANX        M1_FAM        M2_PER        X_COVD        C1_SEX
              ________      ________      ________      ________      ________
 Y2_ANX         0.000         0.000         0.000         0.000         0.000
 M1_FAM         0.000         0.000         0.000         0.000         0.000
 M2_PER         0.000         0.000         0.000         0.000         0.000
 X_COVD         0.000         0.000         0.000         0.000         0.000
 C1_SEX         0.000         0.000         0.000         0.000         0.000
 C2_AGE         0.000         0.000         0.000         0.000         0.000


           BETA
              C2_AGE
              ________
 Y2_ANX         0.000
 M1_FAM         0.000
 M2_PER         0.000
 X_COVD         0.000
 C1_SEX         0.000
 C2_AGE         0.000


           PSI
              Y2_ANX        M1_FAM        M2_PER        X_COVD        C1_SEX
              ________      ________      ________      ________      ________
 Y2_ANX        58.221
 M1_FAM         0.000        48.418
 M2_PER         0.000         0.000        28.415
 X_COVD         0.000         0.000         0.000         5.840
 C1_SEX         0.000         0.000         0.000         0.000         0.125
 C2_AGE         0.000         0.000         0.000         0.000         0.000


           PSI
              C2_AGE
              ________
 C2_AGE         5.630


     Beginning Time:  18:24:08
        Ending Time:  18:24:14
       Elapsed Time:  00:00:06



MUTHEN & MUTHEN
3463 Stoner Ave.
Los Angeles, CA  90066

Tel: (310) 391-9971
Fax: (310) 391-8971
Web: www.StatModel.com
Support: Support@StatModel.com

Copyright (c) 1998-2023 Muthen & Muthen
